Compiling the C compiler identification source file "CMakeCCompilerId.c" failed.
Compiler: /usr/bin/clang Clang
Build flags: 
Id flags:  

The output was:
65
note: Using new build system
note: Planning build
note: Constructing build description
error: Signing for "CompilerIdC" requires a development team. Select a development team in the Signing & Capabilities editor. (in target 'CompilerIdC' from project 'CompilerIdC')
warning: Traditional headermap style is no longer supported; please migrate to using separate headermaps and set 'ALWAYS_SEARCH_USER_PATHS' to NO. (in target 'CompilerIdC' from project 'CompilerIdC')

** BUILD FAILED **



Compiling the C compiler identification source file "CMakeCCompilerId.c" failed.
Compiler: /usr/bin/clang Clang
Build flags: 
Id flags:  

The output was:
65
note: Using new build system
note: Planning build
note: Constructing build description
error: Signing for "CompilerIdC" requires a development team. Select a development team in the Signing & Capabilities editor. (in target 'CompilerIdC' from project 'CompilerIdC')
warning: Traditional headermap style is no longer supported; please migrate to using separate headermaps and set 'ALWAYS_SEARCH_USER_PATHS' to NO. (in target 'CompilerIdC' from project 'CompilerIdC')

** BUILD FAILED **



Checking whether the C compiler is IAR using "" did not match "IAR .+ Compiler":
clang: error: no such file or directory: 'Clang'
clang: error: no input files
Checking whether the C compiler is IAR using "" did not match "IAR .+ Compiler":
clang: error: no such file or directory: 'Clang'
clang: error: no input files
Compiling the CXX compiler identification source file "CMakeCXXCompilerId.cpp" failed.
Compiler: /usr/bin/clang++ Clang
Build flags: -std=c++11;-O2;-fno-exceptions;-fno-rtti;-fPIE;;;;;;;;;;;;;;;;;;;;;;;-fno-bounds-check;-funroll-loops;-funswitch-loops;;;;;;;;;;;;;;;;;;;;;;;-fvisibility=hidden;-finline-functions;-funsafe-loop-optimizations
Id flags:  

The output was:
65
note: Using new build system
note: Planning build
note: Constructing build description
error: Signing for "CompilerIdCXX" requires a development team. Select a development team in the Signing & Capabilities editor. (in target 'CompilerIdCXX' from project 'CompilerIdCXX')
warning: Traditional headermap style is no longer supported; please migrate to using separate headermaps and set 'ALWAYS_SEARCH_USER_PATHS' to NO. (in target 'CompilerIdCXX' from project 'CompilerIdCXX')

** BUILD FAILED **



Compiling the CXX compiler identification source file "CMakeCXXCompilerId.cpp" failed.
Compiler: /usr/bin/clang++ Clang
Build flags: 
Id flags:  

The output was:
65
note: Using new build system
note: Planning build
note: Constructing build description
error: Signing for "CompilerIdCXX" requires a development team. Select a development team in the Signing & Capabilities editor. (in target 'CompilerIdCXX' from project 'CompilerIdCXX')
warning: Traditional headermap style is no longer supported; please migrate to using separate headermaps and set 'ALWAYS_SEARCH_USER_PATHS' to NO. (in target 'CompilerIdCXX' from project 'CompilerIdCXX')

** BUILD FAILED **



Checking whether the CXX compiler is IAR using "" did not match "IAR .+ Compiler":
clang: error: no such file or directory: 'Clang'
clang: error: no input files
Checking whether the CXX compiler is IAR using "" did not match "IAR .+ Compiler":
clang: error: no such file or directory: 'Clang'
clang: error: no input files
Detecting C compiler ABI info failed to compile with the following output:
Change Dir: /Users/chenfeifei/DeepLearning/algorithm/AgoraAI/build/ios/CMakeFiles/CMakeTmp

Run Build Command:"/usr/bin/xcodebuild" "-project" "CMAKE_TRY_COMPILE.xcodeproj" "build" "-target" "cmTC_1c998" "-configuration" "Debug"
note: Using new build system
note: Planning build
note: Constructing build description
error: unable to resolve product type 'com.apple.product-type.tool' for platform 'iphoneos' (in target 'cmTC_1c998' from project 'CMAKE_TRY_COMPILE')
error: unable to resolve product type 'com.apple.product-type.tool' for platform 'iphoneos' (in target 'cmTC_1c998' from project 'CMAKE_TRY_COMPILE')
warning: The iOS deployment target 'IPHONEOS_DEPLOYMENT_TARGET' is set to 7.0, but the range of supported deployment target versions is 8.0 to 13.2.99. (in target 'cmTC_1c998' from project 'CMAKE_TRY_COMPILE')

** BUILD FAILED **




Detecting CXX compiler ABI info failed to compile with the following output:
Change Dir: /Users/chenfeifei/DeepLearning/algorithm/AgoraAI/build/ios/CMakeFiles/CMakeTmp

Run Build Command:"/usr/bin/xcodebuild" "-project" "CMAKE_TRY_COMPILE.xcodeproj" "build" "-target" "cmTC_f471e" "-configuration" "Debug"
note: Using new build system
note: Planning build
note: Constructing build description
error: unable to resolve product type 'com.apple.product-type.tool' for platform 'iphoneos' (in target 'cmTC_f471e' from project 'CMAKE_TRY_COMPILE')
error: unable to resolve product type 'com.apple.product-type.tool' for platform 'iphoneos' (in target 'cmTC_f471e' from project 'CMAKE_TRY_COMPILE')
warning: The iOS deployment target 'IPHONEOS_DEPLOYMENT_TARGET' is set to 7.0, but the range of supported deployment target versions is 8.0 to 13.2.99. (in target 'cmTC_f471e' from project 'CMAKE_TRY_COMPILE')

** BUILD FAILED **




