The target system is: Android - 1 - aarch64
The host system is: Darwin - 18.6.0 - x86_64
Compiling the C compiler identification source file "CMakeCCompilerId.c" succeeded.
Compiler: /Users/chenfeifei/Android/android-ndk-r16b/toolchains/aarch64-linux-android-4.9/prebuilt/darwin-x86_64/bin/aarch64-linux-android-gcc 
Build flags: -isystem;/Users/chenfeifei/Android/android-ndk-r16b/sysroot/usr/include/aarch64-linux-android;-D__ANDROID_API__=21;-g;-DANDROID;-ffunction-sections;-funwind-tables;-fstack-protector-strong;-no-canonical-prefixes;-Wa,--noexecstack;-Wformat;-Werror=format-security;
Id flags: -c 

The output was:
0


Compilation of the C compiler identification source "CMakeCCompilerId.c" produced "CMakeCCompilerId.o"

The C compiler identification is GNU, found in "/Users/chenfeifei/DeepLearning/algorithm/AgoraAI/build/android/arm64-v8a/CMakeFiles/3.9.2/CompilerIdC/CMakeCCompilerId.o"

Compiling the CXX compiler identification source file "CMakeCXXCompilerId.cpp" succeeded.
Compiler: /Users/chenfeifei/Android/android-ndk-r16b/toolchains/aarch64-linux-android-4.9/prebuilt/darwin-x86_64/bin/aarch64-linux-android-g++ 
Build flags: -isystem;/Users/chenfeifei/Android/android-ndk-r16b/sysroot/usr/include/aarch64-linux-android;-D__ANDROID_API__=21;-g;-DANDROID;-ffunction-sections;-funwind-tables;-fstack-protector-strong;-no-canonical-prefixes;-Wa,--noexecstack;-Wformat;-Werror=format-security;-std=c++11;-fno-strict-aliasing;-std=c++11;-O2;-fno-exceptions;-fno-rtti;-fPIE;;;;;;;;;;;;;;;;;;;-fno-bounds-check;-funroll-loops;-funswitch-loops;;;;;;;;;;;;;;;;;;;-fvisibility=hidden;-finline-functions;-funsafe-loop-optimizations
Id flags: -c 

The output was:
0


Compilation of the CXX compiler identification source "CMakeCXXCompilerId.cpp" produced "CMakeCXXCompilerId.o"

The CXX compiler identification is GNU, found in "/Users/chenfeifei/DeepLearning/algorithm/AgoraAI/build/android/arm64-v8a/CMakeFiles/3.9.2/CompilerIdCXX/CMakeCXXCompilerId.o"

Determining if the C compiler works passed with the following output:
Change Dir: /Users/chenfeifei/DeepLearning/algorithm/AgoraAI/build/android/arm64-v8a/CMakeFiles/CMakeTmp

Run Build Command:"/usr/bin/make" "cmTC_708b7/fast"
/Applications/Xcode.app/Contents/Developer/usr/bin/make -f CMakeFiles/cmTC_708b7.dir/build.make CMakeFiles/cmTC_708b7.dir/build
Building C object CMakeFiles/cmTC_708b7.dir/testCCompiler.c.o
/Users/chenfeifei/Android/android-ndk-r16b/toolchains/aarch64-linux-android-4.9/prebuilt/darwin-x86_64/bin/aarch64-linux-android-gcc --sysroot=/Users/chenfeifei/Android/android-ndk-r16b/sysroot   -isystem /Users/chenfeifei/Android/android-ndk-r16b/sysroot/usr/include/aarch64-linux-android -D__ANDROID_API__=21 -g -DANDROID -ffunction-sections -funwind-tables -fstack-protector-strong -no-canonical-prefixes -Wa,--noexecstack -Wformat -Werror=format-security   -fPIE   -o CMakeFiles/cmTC_708b7.dir/testCCompiler.c.o   -c /Users/chenfeifei/DeepLearning/algorithm/AgoraAI/build/android/arm64-v8a/CMakeFiles/CMakeTmp/testCCompiler.c
Linking C executable cmTC_708b7
/Applications/CMake.app/Contents/bin/cmake -E cmake_link_script CMakeFiles/cmTC_708b7.dir/link.txt --verbose=1
/Users/chenfeifei/Android/android-ndk-r16b/toolchains/aarch64-linux-android-4.9/prebuilt/darwin-x86_64/bin/aarch64-linux-android-gcc --sysroot=/Users/chenfeifei/Android/android-ndk-r16b/sysroot -isystem /Users/chenfeifei/Android/android-ndk-r16b/sysroot/usr/include/aarch64-linux-android -D__ANDROID_API__=21 -g -DANDROID -ffunction-sections -funwind-tables -fstack-protector-strong -no-canonical-prefixes -Wa,--noexecstack -Wformat -Werror=format-security    -Wl,--exclude-libs,libgcc.a -Wl,--exclude-libs,libatomic.a --sysroot /Users/chenfeifei/Android/android-ndk-r16b/platforms/android-21/arch-arm64 -Wl,--build-id -Wl,--warn-shared-textrel -Wl,--fatal-warnings -L/Users/chenfeifei/Android/android-ndk-r16b/sources/cxx-stl/llvm-libc++/libs/arm64-v8a -Wl,--no-undefined -Wl,-z,noexecstack -Wl,-z,relro -Wl,-z,now -Wl,--gc-sections -Wl,-z,nocopyreloc -pie -fPIE   CMakeFiles/cmTC_708b7.dir/testCCompiler.c.o  -o cmTC_708b7 -latomic -lm 


Detecting C compiler ABI info compiled with the following output:
Change Dir: /Users/chenfeifei/DeepLearning/algorithm/AgoraAI/build/android/arm64-v8a/CMakeFiles/CMakeTmp

Run Build Command:"/usr/bin/make" "cmTC_1c1d7/fast"
/Applications/Xcode.app/Contents/Developer/usr/bin/make -f CMakeFiles/cmTC_1c1d7.dir/build.make CMakeFiles/cmTC_1c1d7.dir/build
Building C object CMakeFiles/cmTC_1c1d7.dir/CMakeCCompilerABI.c.o
/Users/chenfeifei/Android/android-ndk-r16b/toolchains/aarch64-linux-android-4.9/prebuilt/darwin-x86_64/bin/aarch64-linux-android-gcc --sysroot=/Users/chenfeifei/Android/android-ndk-r16b/sysroot   -isystem /Users/chenfeifei/Android/android-ndk-r16b/sysroot/usr/include/aarch64-linux-android -D__ANDROID_API__=21 -g -DANDROID -ffunction-sections -funwind-tables -fstack-protector-strong -no-canonical-prefixes -Wa,--noexecstack -Wformat -Werror=format-security   -fPIE   -o CMakeFiles/cmTC_1c1d7.dir/CMakeCCompilerABI.c.o   -c /Applications/CMake.app/Contents/share/cmake-3.9/Modules/CMakeCCompilerABI.c
Linking C executable cmTC_1c1d7
/Applications/CMake.app/Contents/bin/cmake -E cmake_link_script CMakeFiles/cmTC_1c1d7.dir/link.txt --verbose=1
/Users/chenfeifei/Android/android-ndk-r16b/toolchains/aarch64-linux-android-4.9/prebuilt/darwin-x86_64/bin/aarch64-linux-android-gcc --sysroot=/Users/chenfeifei/Android/android-ndk-r16b/sysroot -isystem /Users/chenfeifei/Android/android-ndk-r16b/sysroot/usr/include/aarch64-linux-android -D__ANDROID_API__=21 -g -DANDROID -ffunction-sections -funwind-tables -fstack-protector-strong -no-canonical-prefixes -Wa,--noexecstack -Wformat -Werror=format-security    -Wl,--exclude-libs,libgcc.a -Wl,--exclude-libs,libatomic.a --sysroot /Users/chenfeifei/Android/android-ndk-r16b/platforms/android-21/arch-arm64 -Wl,--build-id -Wl,--warn-shared-textrel -Wl,--fatal-warnings -L/Users/chenfeifei/Android/android-ndk-r16b/sources/cxx-stl/llvm-libc++/libs/arm64-v8a -Wl,--no-undefined -Wl,-z,noexecstack -Wl,-z,relro -Wl,-z,now -Wl,--gc-sections -Wl,-z,nocopyreloc -pie -fPIE  -v CMakeFiles/cmTC_1c1d7.dir/CMakeCCompilerABI.c.o  -o cmTC_1c1d7 
Using built-in specs.
COLLECT_GCC=/Users/chenfeifei/Android/android-ndk-r16b/toolchains/aarch64-linux-android-4.9/prebuilt/darwin-x86_64/bin/aarch64-linux-android-gcc
COLLECT_LTO_WRAPPER=/Users/chenfeifei/Android/android-ndk-r16b/toolchains/aarch64-linux-android-4.9/prebuilt/darwin-x86_64/bin/../libexec/gcc/aarch64-linux-android/4.9.x/lto-wrapper
Target: aarch64-linux-android
Configured with: /Volumes/Android/buildbot/src/android/gcc/toolchain/build/../gcc/gcc-4.9/configure --prefix=/tmp/9e6abeae147b2d6a071687493238b928 --target=aarch64-linux-android --host=x86_64-apple-darwin --build=x86_64-apple-darwin --with-gnu-as --with-gnu-ld --enable-languages=c,c++ --with-gmp=/buildbot/tmp/build/toolchain/temp-install --with-mpfr=/buildbot/tmp/build/toolchain/temp-install --with-mpc=/buildbot/tmp/build/toolchain/temp-install --with-cloog=/buildbot/tmp/build/toolchain/temp-install --with-isl=/buildbot/tmp/build/toolchain/temp-install --with-ppl=/buildbot/tmp/build/toolchain/temp-install --disable-ppl-version-check --disable-cloog-version-check --disable-isl-version-check --enable-cloog-backend=isl --with-host-libstdcxx='-static-libgcc -lstdc++ -lm' --disable-libssp --enable-threads --disable-nls --disable-libmudflap --disable-libgomp --disable-libstdc__-v3 --disable-sjlj-exceptions --disable-shared --disable-tls --disable-libitm --enable-bionic-libs --enable-libatomic-ifuncs=no --enable-initfini-array --disable-nls --prefix=/tmp/9e6abeae147b2d6a071687493238b928 --with-sysroot=/tmp/9e6abeae147b2d6a071687493238b928/sysroot --with-binutils-version=2.27 --with-mpfr-version=3.1.1 --with-mpc-version=1.0.1 --with-gmp-version=5.0.5 --with-gcc-version=4.9 --with-gdb-version=none --with-gxx-include-dir=/tmp/9e6abeae147b2d6a071687493238b928/include/c++/4.9.x --with-bugurl=http://source.android.com/source/report-bugs.html --enable-languages=c,c++ --disable-bootstrap --enable-plugins --enable-libgomp --enable-gnu-indirect-function --disable-libsanitizer --enable-gold --enable-ld=default --enable-threads --enable-eh-frame-hdr-for-static --enable-fix-cortex-a53-835769 --enable-graphite=yes --with-isl-version=0.11.1 --with-cloog-version=0.18.0 --program-transform-name='s&^&aarch64-linux-android-&' --enable-gold
Thread model: posix
gcc version 4.9.x 20150123 (prerelease) (GCC) 
COMPILER_PATH=/Users/chenfeifei/Android/android-ndk-r16b/toolchains/aarch64-linux-android-4.9/prebuilt/darwin-x86_64/bin/../libexec/gcc/aarch64-linux-android/4.9.x/:/Users/chenfeifei/Android/android-ndk-r16b/toolchains/aarch64-linux-android-4.9/prebuilt/darwin-x86_64/bin/../libexec/gcc/:/Users/chenfeifei/Android/android-ndk-r16b/toolchains/aarch64-linux-android-4.9/prebuilt/darwin-x86_64/bin/../lib/gcc/aarch64-linux-android/4.9.x/../../../../aarch64-linux-android/bin/
LIBRARY_PATH=/Users/chenfeifei/Android/android-ndk-r16b/toolchains/aarch64-linux-android-4.9/prebuilt/darwin-x86_64/bin/../lib/gcc/aarch64-linux-android/4.9.x/:/Users/chenfeifei/Android/android-ndk-r16b/toolchains/aarch64-linux-android-4.9/prebuilt/darwin-x86_64/bin/../lib/gcc/:/Users/chenfeifei/Android/android-ndk-r16b/toolchains/aarch64-linux-android-4.9/prebuilt/darwin-x86_64/bin/../lib/gcc/aarch64-linux-android/4.9.x/../../../../aarch64-linux-android/lib/../lib64/:/Users/chenfeifei/Android/android-ndk-r16b/toolchains/aarch64-linux-android-4.9/prebuilt/darwin-x86_64/bin/../lib/gcc/aarch64-linux-android/4.9.x/../../../../aarch64-linux-android/lib/:/Users/chenfeifei/Android/android-ndk-r16b/platforms/android-21/arch-arm64/usr/lib/
COLLECT_GCC_OPTIONS='-isystem' '/Users/chenfeifei/Android/android-ndk-r16b/sysroot/usr/include/aarch64-linux-android' '-D' '__ANDROID_API__=21' '-g' '-D' 'ANDROID' '-ffunction-sections' '-funwind-tables' '-fstack-protector-strong' '-Wformat=1' '-Werror=format-security' '-L/Users/chenfeifei/Android/android-ndk-r16b/sources/cxx-stl/llvm-libc++/libs/arm64-v8a' '-pie' '-fPIE' '-v' '-o' 'cmTC_1c1d7' '-mlittle-endian' '-mabi=lp64'
 /Users/chenfeifei/Android/android-ndk-r16b/toolchains/aarch64-linux-android-4.9/prebuilt/darwin-x86_64/bin/../libexec/gcc/aarch64-linux-android/4.9.x/collect2 -plugin /Users/chenfeifei/Android/android-ndk-r16b/toolchains/aarch64-linux-android-4.9/prebuilt/darwin-x86_64/bin/../libexec/gcc/aarch64-linux-android/4.9.x/liblto_plugin.so -plugin-opt=/Users/chenfeifei/Android/android-ndk-r16b/toolchains/aarch64-linux-android-4.9/prebuilt/darwin-x86_64/bin/../libexec/gcc/aarch64-linux-android/4.9.x/lto-wrapper -plugin-opt=-fresolution=/var/folders/vt/w424wj3n2275202tvbmt_xm80000gn/T//cclabmSg.res -plugin-opt=-pass-through=-lgcc -plugin-opt=-pass-through=-lc -plugin-opt=-pass-through=-ldl -plugin-opt=-pass-through=-lgcc --sysroot=/Users/chenfeifei/Android/android-ndk-r16b/platforms/android-21/arch-arm64 --eh-frame-hdr -dynamic-linker /system/bin/linker64 -X -EL -maarch64linux --fix-cortex-a53-835769 --fix-cortex-a53-843419 -z noexecstack -z relro -z now -pie -o cmTC_1c1d7 /Users/chenfeifei/Android/android-ndk-r16b/platforms/android-21/arch-arm64/usr/lib/crtbegin_dynamic.o -L/Users/chenfeifei/Android/android-ndk-r16b/sources/cxx-stl/llvm-libc++/libs/arm64-v8a -L/Users/chenfeifei/Android/android-ndk-r16b/toolchains/aarch64-linux-android-4.9/prebuilt/darwin-x86_64/bin/../lib/gcc/aarch64-linux-android/4.9.x -L/Users/chenfeifei/Android/android-ndk-r16b/toolchains/aarch64-linux-android-4.9/prebuilt/darwin-x86_64/bin/../lib/gcc -L/Users/chenfeifei/Android/android-ndk-r16b/toolchains/aarch64-linux-android-4.9/prebuilt/darwin-x86_64/bin/../lib/gcc/aarch64-linux-android/4.9.x/../../../../aarch64-linux-android/lib/../lib64 -L/Users/chenfeifei/Android/android-ndk-r16b/toolchains/aarch64-linux-android-4.9/prebuilt/darwin-x86_64/bin/../lib/gcc/aarch64-linux-android/4.9.x/../../../../aarch64-linux-android/lib -L/Users/chenfeifei/Android/android-ndk-r16b/platforms/android-21/arch-arm64/usr/lib --exclude-libs libgcc.a --exclude-libs libatomic.a --build-id --warn-shared-textrel --fatal-warnings --no-undefined -z noexecstack -z relro -z now --gc-sections -z nocopyreloc CMakeFiles/cmTC_1c1d7.dir/CMakeCCompilerABI.c.o -lgcc -lc -ldl -lgcc /Users/chenfeifei/Android/android-ndk-r16b/platforms/android-21/arch-arm64/usr/lib/crtend_android.o


Parsed C implicit link information from above output:
  link line regex: [^( *|.*[/\])(aarch64-linux-android-ld|CMAKE_LINK_STARTFILE-NOTFOUND|([^/\]+-)?ld|collect2)[^/\]*( |$)]
  ignore line: [Change Dir: /Users/chenfeifei/DeepLearning/algorithm/AgoraAI/build/android/arm64-v8a/CMakeFiles/CMakeTmp]
  ignore line: []
  ignore line: [Run Build Command:"/usr/bin/make" "cmTC_1c1d7/fast"]
  ignore line: [/Applications/Xcode.app/Contents/Developer/usr/bin/make -f CMakeFiles/cmTC_1c1d7.dir/build.make CMakeFiles/cmTC_1c1d7.dir/build]
  ignore line: [Building C object CMakeFiles/cmTC_1c1d7.dir/CMakeCCompilerABI.c.o]
  ignore line: [/Users/chenfeifei/Android/android-ndk-r16b/toolchains/aarch64-linux-android-4.9/prebuilt/darwin-x86_64/bin/aarch64-linux-android-gcc --sysroot=/Users/chenfeifei/Android/android-ndk-r16b/sysroot   -isystem /Users/chenfeifei/Android/android-ndk-r16b/sysroot/usr/include/aarch64-linux-android -D__ANDROID_API__=21 -g -DANDROID -ffunction-sections -funwind-tables -fstack-protector-strong -no-canonical-prefixes -Wa,--noexecstack -Wformat -Werror=format-security   -fPIE   -o CMakeFiles/cmTC_1c1d7.dir/CMakeCCompilerABI.c.o   -c /Applications/CMake.app/Contents/share/cmake-3.9/Modules/CMakeCCompilerABI.c]
  ignore line: [Linking C executable cmTC_1c1d7]
  ignore line: [/Applications/CMake.app/Contents/bin/cmake -E cmake_link_script CMakeFiles/cmTC_1c1d7.dir/link.txt --verbose=1]
  ignore line: [/Users/chenfeifei/Android/android-ndk-r16b/toolchains/aarch64-linux-android-4.9/prebuilt/darwin-x86_64/bin/aarch64-linux-android-gcc --sysroot=/Users/chenfeifei/Android/android-ndk-r16b/sysroot -isystem /Users/chenfeifei/Android/android-ndk-r16b/sysroot/usr/include/aarch64-linux-android -D__ANDROID_API__=21 -g -DANDROID -ffunction-sections -funwind-tables -fstack-protector-strong -no-canonical-prefixes -Wa,--noexecstack -Wformat -Werror=format-security    -Wl,--exclude-libs,libgcc.a -Wl,--exclude-libs,libatomic.a --sysroot /Users/chenfeifei/Android/android-ndk-r16b/platforms/android-21/arch-arm64 -Wl,--build-id -Wl,--warn-shared-textrel -Wl,--fatal-warnings -L/Users/chenfeifei/Android/android-ndk-r16b/sources/cxx-stl/llvm-libc++/libs/arm64-v8a -Wl,--no-undefined -Wl,-z,noexecstack -Wl,-z,relro -Wl,-z,now -Wl,--gc-sections -Wl,-z,nocopyreloc -pie -fPIE  -v CMakeFiles/cmTC_1c1d7.dir/CMakeCCompilerABI.c.o  -o cmTC_1c1d7 ]
  ignore line: [Using built-in specs.]
  ignore line: [COLLECT_GCC=/Users/chenfeifei/Android/android-ndk-r16b/toolchains/aarch64-linux-android-4.9/prebuilt/darwin-x86_64/bin/aarch64-linux-android-gcc]
  ignore line: [COLLECT_LTO_WRAPPER=/Users/chenfeifei/Android/android-ndk-r16b/toolchains/aarch64-linux-android-4.9/prebuilt/darwin-x86_64/bin/../libexec/gcc/aarch64-linux-android/4.9.x/lto-wrapper]
  ignore line: [Target: aarch64-linux-android]
  ignore line: [Configured with: /Volumes/Android/buildbot/src/android/gcc/toolchain/build/../gcc/gcc-4.9/configure --prefix=/tmp/9e6abeae147b2d6a071687493238b928 --target=aarch64-linux-android --host=x86_64-apple-darwin --build=x86_64-apple-darwin --with-gnu-as --with-gnu-ld --enable-languages=c,c++ --with-gmp=/buildbot/tmp/build/toolchain/temp-install --with-mpfr=/buildbot/tmp/build/toolchain/temp-install --with-mpc=/buildbot/tmp/build/toolchain/temp-install --with-cloog=/buildbot/tmp/build/toolchain/temp-install --with-isl=/buildbot/tmp/build/toolchain/temp-install --with-ppl=/buildbot/tmp/build/toolchain/temp-install --disable-ppl-version-check --disable-cloog-version-check --disable-isl-version-check --enable-cloog-backend=isl --with-host-libstdcxx='-static-libgcc -lstdc++ -lm' --disable-libssp --enable-threads --disable-nls --disable-libmudflap --disable-libgomp --disable-libstdc__-v3 --disable-sjlj-exceptions --disable-shared --disable-tls --disable-libitm --enable-bionic-libs --enable-libatomic-ifuncs=no --enable-initfini-array --disable-nls --prefix=/tmp/9e6abeae147b2d6a071687493238b928 --with-sysroot=/tmp/9e6abeae147b2d6a071687493238b928/sysroot --with-binutils-version=2.27 --with-mpfr-version=3.1.1 --with-mpc-version=1.0.1 --with-gmp-version=5.0.5 --with-gcc-version=4.9 --with-gdb-version=none --with-gxx-include-dir=/tmp/9e6abeae147b2d6a071687493238b928/include/c++/4.9.x --with-bugurl=http://source.android.com/source/report-bugs.html --enable-languages=c,c++ --disable-bootstrap --enable-plugins --enable-libgomp --enable-gnu-indirect-function --disable-libsanitizer --enable-gold --enable-ld=default --enable-threads --enable-eh-frame-hdr-for-static --enable-fix-cortex-a53-835769 --enable-graphite=yes --with-isl-version=0.11.1 --with-cloog-version=0.18.0 --program-transform-name='s&^&aarch64-linux-android-&' --enable-gold]
  ignore line: [Thread model: posix]
  ignore line: [gcc version 4.9.x 20150123 (prerelease) (GCC) ]
  ignore line: [COMPILER_PATH=/Users/chenfeifei/Android/android-ndk-r16b/toolchains/aarch64-linux-android-4.9/prebuilt/darwin-x86_64/bin/../libexec/gcc/aarch64-linux-android/4.9.x/:/Users/chenfeifei/Android/android-ndk-r16b/toolchains/aarch64-linux-android-4.9/prebuilt/darwin-x86_64/bin/../libexec/gcc/:/Users/chenfeifei/Android/android-ndk-r16b/toolchains/aarch64-linux-android-4.9/prebuilt/darwin-x86_64/bin/../lib/gcc/aarch64-linux-android/4.9.x/../../../../aarch64-linux-android/bin/]
  ignore line: [LIBRARY_PATH=/Users/chenfeifei/Android/android-ndk-r16b/toolchains/aarch64-linux-android-4.9/prebuilt/darwin-x86_64/bin/../lib/gcc/aarch64-linux-android/4.9.x/:/Users/chenfeifei/Android/android-ndk-r16b/toolchains/aarch64-linux-android-4.9/prebuilt/darwin-x86_64/bin/../lib/gcc/:/Users/chenfeifei/Android/android-ndk-r16b/toolchains/aarch64-linux-android-4.9/prebuilt/darwin-x86_64/bin/../lib/gcc/aarch64-linux-android/4.9.x/../../../../aarch64-linux-android/lib/../lib64/:/Users/chenfeifei/Android/android-ndk-r16b/toolchains/aarch64-linux-android-4.9/prebuilt/darwin-x86_64/bin/../lib/gcc/aarch64-linux-android/4.9.x/../../../../aarch64-linux-android/lib/:/Users/chenfeifei/Android/android-ndk-r16b/platforms/android-21/arch-arm64/usr/lib/]
  ignore line: [COLLECT_GCC_OPTIONS='-isystem' '/Users/chenfeifei/Android/android-ndk-r16b/sysroot/usr/include/aarch64-linux-android' '-D' '__ANDROID_API__=21' '-g' '-D' 'ANDROID' '-ffunction-sections' '-funwind-tables' '-fstack-protector-strong' '-Wformat=1' '-Werror=format-security' '-L/Users/chenfeifei/Android/android-ndk-r16b/sources/cxx-stl/llvm-libc++/libs/arm64-v8a' '-pie' '-fPIE' '-v' '-o' 'cmTC_1c1d7' '-mlittle-endian' '-mabi=lp64']
  link line: [ /Users/chenfeifei/Android/android-ndk-r16b/toolchains/aarch64-linux-android-4.9/prebuilt/darwin-x86_64/bin/../libexec/gcc/aarch64-linux-android/4.9.x/collect2 -plugin /Users/chenfeifei/Android/android-ndk-r16b/toolchains/aarch64-linux-android-4.9/prebuilt/darwin-x86_64/bin/../libexec/gcc/aarch64-linux-android/4.9.x/liblto_plugin.so -plugin-opt=/Users/chenfeifei/Android/android-ndk-r16b/toolchains/aarch64-linux-android-4.9/prebuilt/darwin-x86_64/bin/../libexec/gcc/aarch64-linux-android/4.9.x/lto-wrapper -plugin-opt=-fresolution=/var/folders/vt/w424wj3n2275202tvbmt_xm80000gn/T//cclabmSg.res -plugin-opt=-pass-through=-lgcc -plugin-opt=-pass-through=-lc -plugin-opt=-pass-through=-ldl -plugin-opt=-pass-through=-lgcc --sysroot=/Users/chenfeifei/Android/android-ndk-r16b/platforms/android-21/arch-arm64 --eh-frame-hdr -dynamic-linker /system/bin/linker64 -X -EL -maarch64linux --fix-cortex-a53-835769 --fix-cortex-a53-843419 -z noexecstack -z relro -z now -pie -o cmTC_1c1d7 /Users/chenfeifei/Android/android-ndk-r16b/platforms/android-21/arch-arm64/usr/lib/crtbegin_dynamic.o -L/Users/chenfeifei/Android/android-ndk-r16b/sources/cxx-stl/llvm-libc++/libs/arm64-v8a -L/Users/chenfeifei/Android/android-ndk-r16b/toolchains/aarch64-linux-android-4.9/prebuilt/darwin-x86_64/bin/../lib/gcc/aarch64-linux-android/4.9.x -L/Users/chenfeifei/Android/android-ndk-r16b/toolchains/aarch64-linux-android-4.9/prebuilt/darwin-x86_64/bin/../lib/gcc -L/Users/chenfeifei/Android/android-ndk-r16b/toolchains/aarch64-linux-android-4.9/prebuilt/darwin-x86_64/bin/../lib/gcc/aarch64-linux-android/4.9.x/../../../../aarch64-linux-android/lib/../lib64 -L/Users/chenfeifei/Android/android-ndk-r16b/toolchains/aarch64-linux-android-4.9/prebuilt/darwin-x86_64/bin/../lib/gcc/aarch64-linux-android/4.9.x/../../../../aarch64-linux-android/lib -L/Users/chenfeifei/Android/android-ndk-r16b/platforms/android-21/arch-arm64/usr/lib --exclude-libs libgcc.a --exclude-libs libatomic.a --build-id --warn-shared-textrel --fatal-warnings --no-undefined -z noexecstack -z relro -z now --gc-sections -z nocopyreloc CMakeFiles/cmTC_1c1d7.dir/CMakeCCompilerABI.c.o -lgcc -lc -ldl -lgcc /Users/chenfeifei/Android/android-ndk-r16b/platforms/android-21/arch-arm64/usr/lib/crtend_android.o]
    arg [/Users/chenfeifei/Android/android-ndk-r16b/toolchains/aarch64-linux-android-4.9/prebuilt/darwin-x86_64/bin/../libexec/gcc/aarch64-linux-android/4.9.x/collect2] ==> ignore
    arg [-plugin] ==> ignore
    arg [/Users/chenfeifei/Android/android-ndk-r16b/toolchains/aarch64-linux-android-4.9/prebuilt/darwin-x86_64/bin/../libexec/gcc/aarch64-linux-android/4.9.x/liblto_plugin.so] ==> ignore
    arg [-plugin-opt=/Users/chenfeifei/Android/android-ndk-r16b/toolchains/aarch64-linux-android-4.9/prebuilt/darwin-x86_64/bin/../libexec/gcc/aarch64-linux-android/4.9.x/lto-wrapper] ==> ignore
    arg [-plugin-opt=-fresolution=/var/folders/vt/w424wj3n2275202tvbmt_xm80000gn/T//cclabmSg.res] ==> ignore
    arg [-plugin-opt=-pass-through=-lgcc] ==> ignore
    arg [-plugin-opt=-pass-through=-lc] ==> ignore
    arg [-plugin-opt=-pass-through=-ldl] ==> ignore
    arg [-plugin-opt=-pass-through=-lgcc] ==> ignore
    arg [--sysroot=/Users/chenfeifei/Android/android-ndk-r16b/platforms/android-21/arch-arm64] ==> ignore
    arg [--eh-frame-hdr] ==> ignore
    arg [-dynamic-linker] ==> ignore
    arg [/system/bin/linker64] ==> ignore
    arg [-X] ==> ignore
    arg [-EL] ==> ignore
    arg [-maarch64linux] ==> ignore
    arg [--fix-cortex-a53-835769] ==> ignore
    arg [--fix-cortex-a53-843419] ==> ignore
    arg [-znoexecstack] ==> ignore
    arg [-zrelro] ==> ignore
    arg [-znow] ==> ignore
    arg [-pie] ==> ignore
    arg [-o] ==> ignore
    arg [cmTC_1c1d7] ==> ignore
    arg [/Users/chenfeifei/Android/android-ndk-r16b/platforms/android-21/arch-arm64/usr/lib/crtbegin_dynamic.o] ==> ignore
    arg [-L/Users/chenfeifei/Android/android-ndk-r16b/sources/cxx-stl/llvm-libc++/libs/arm64-v8a] ==> dir [/Users/chenfeifei/Android/android-ndk-r16b/sources/cxx-stl/llvm-libc++/libs/arm64-v8a]
    arg [-L/Users/chenfeifei/Android/android-ndk-r16b/toolchains/aarch64-linux-android-4.9/prebuilt/darwin-x86_64/bin/../lib/gcc/aarch64-linux-android/4.9.x] ==> dir [/Users/chenfeifei/Android/android-ndk-r16b/toolchains/aarch64-linux-android-4.9/prebuilt/darwin-x86_64/bin/../lib/gcc/aarch64-linux-android/4.9.x]
    arg [-L/Users/chenfeifei/Android/android-ndk-r16b/toolchains/aarch64-linux-android-4.9/prebuilt/darwin-x86_64/bin/../lib/gcc] ==> dir [/Users/chenfeifei/Android/android-ndk-r16b/toolchains/aarch64-linux-android-4.9/prebuilt/darwin-x86_64/bin/../lib/gcc]
    arg [-L/Users/chenfeifei/Android/android-ndk-r16b/toolchains/aarch64-linux-android-4.9/prebuilt/darwin-x86_64/bin/../lib/gcc/aarch64-linux-android/4.9.x/../../../../aarch64-linux-android/lib/../lib64] ==> dir [/Users/chenfeifei/Android/android-ndk-r16b/toolchains/aarch64-linux-android-4.9/prebuilt/darwin-x86_64/bin/../lib/gcc/aarch64-linux-android/4.9.x/../../../../aarch64-linux-android/lib/../lib64]
    arg [-L/Users/chenfeifei/Android/android-ndk-r16b/toolchains/aarch64-linux-android-4.9/prebuilt/darwin-x86_64/bin/../lib/gcc/aarch64-linux-android/4.9.x/../../../../aarch64-linux-android/lib] ==> dir [/Users/chenfeifei/Android/android-ndk-r16b/toolchains/aarch64-linux-android-4.9/prebuilt/darwin-x86_64/bin/../lib/gcc/aarch64-linux-android/4.9.x/../../../../aarch64-linux-android/lib]
    arg [-L/Users/chenfeifei/Android/android-ndk-r16b/platforms/android-21/arch-arm64/usr/lib] ==> dir [/Users/chenfeifei/Android/android-ndk-r16b/platforms/android-21/arch-arm64/usr/lib]
    arg [--exclude-libs] ==> ignore
    arg [libgcc.a] ==> ignore
    arg [--exclude-libs] ==> ignore
    arg [libatomic.a] ==> ignore
    arg [--build-id] ==> ignore
    arg [--warn-shared-textrel] ==> ignore
    arg [--fatal-warnings] ==> ignore
    arg [--no-undefined] ==> ignore
    arg [-znoexecstack] ==> ignore
    arg [-zrelro] ==> ignore
    arg [-znow] ==> ignore
    arg [--gc-sections] ==> ignore
    arg [-znocopyreloc] ==> ignore
    arg [CMakeFiles/cmTC_1c1d7.dir/CMakeCCompilerABI.c.o] ==> ignore
    arg [-lgcc] ==> lib [gcc]
    arg [-lc] ==> lib [c]
    arg [-ldl] ==> lib [dl]
    arg [-lgcc] ==> lib [gcc]
    arg [/Users/chenfeifei/Android/android-ndk-r16b/platforms/android-21/arch-arm64/usr/lib/crtend_android.o] ==> ignore
  collapse library dir [/Users/chenfeifei/Android/android-ndk-r16b/sources/cxx-stl/llvm-libc++/libs/arm64-v8a] ==> [/Users/chenfeifei/Android/android-ndk-r16b/sources/cxx-stl/llvm-libc++/libs/arm64-v8a]
  collapse library dir [/Users/chenfeifei/Android/android-ndk-r16b/toolchains/aarch64-linux-android-4.9/prebuilt/darwin-x86_64/bin/../lib/gcc/aarch64-linux-android/4.9.x] ==> [/Users/chenfeifei/Android/android-ndk-r16b/toolchains/aarch64-linux-android-4.9/prebuilt/darwin-x86_64/lib/gcc/aarch64-linux-android/4.9.x]
  collapse library dir [/Users/chenfeifei/Android/android-ndk-r16b/toolchains/aarch64-linux-android-4.9/prebuilt/darwin-x86_64/bin/../lib/gcc] ==> [/Users/chenfeifei/Android/android-ndk-r16b/toolchains/aarch64-linux-android-4.9/prebuilt/darwin-x86_64/lib/gcc]
  collapse library dir [/Users/chenfeifei/Android/android-ndk-r16b/toolchains/aarch64-linux-android-4.9/prebuilt/darwin-x86_64/bin/../lib/gcc/aarch64-linux-android/4.9.x/../../../../aarch64-linux-android/lib/../lib64] ==> [/Users/chenfeifei/Android/android-ndk-r16b/toolchains/aarch64-linux-android-4.9/prebuilt/darwin-x86_64/aarch64-linux-android/lib64]
  collapse library dir [/Users/chenfeifei/Android/android-ndk-r16b/toolchains/aarch64-linux-android-4.9/prebuilt/darwin-x86_64/bin/../lib/gcc/aarch64-linux-android/4.9.x/../../../../aarch64-linux-android/lib] ==> [/Users/chenfeifei/Android/android-ndk-r16b/toolchains/aarch64-linux-android-4.9/prebuilt/darwin-x86_64/aarch64-linux-android/lib]
  collapse library dir [/Users/chenfeifei/Android/android-ndk-r16b/platforms/android-21/arch-arm64/usr/lib] ==> [/Users/chenfeifei/Android/android-ndk-r16b/platforms/android-21/arch-arm64/usr/lib]
  implicit libs: [gcc;c;dl;gcc]
  implicit dirs: [/Users/chenfeifei/Android/android-ndk-r16b/sources/cxx-stl/llvm-libc++/libs/arm64-v8a;/Users/chenfeifei/Android/android-ndk-r16b/toolchains/aarch64-linux-android-4.9/prebuilt/darwin-x86_64/lib/gcc/aarch64-linux-android/4.9.x;/Users/chenfeifei/Android/android-ndk-r16b/toolchains/aarch64-linux-android-4.9/prebuilt/darwin-x86_64/lib/gcc;/Users/chenfeifei/Android/android-ndk-r16b/toolchains/aarch64-linux-android-4.9/prebuilt/darwin-x86_64/aarch64-linux-android/lib64;/Users/chenfeifei/Android/android-ndk-r16b/toolchains/aarch64-linux-android-4.9/prebuilt/darwin-x86_64/aarch64-linux-android/lib;/Users/chenfeifei/Android/android-ndk-r16b/platforms/android-21/arch-arm64/usr/lib]
  implicit fwks: []




Detecting C [-std=c11] compiler features compiled with the following output:
Change Dir: /Users/chenfeifei/DeepLearning/algorithm/AgoraAI/build/android/arm64-v8a/CMakeFiles/CMakeTmp

Run Build Command:"/usr/bin/make" "cmTC_551e2/fast"
/Applications/Xcode.app/Contents/Developer/usr/bin/make -f CMakeFiles/cmTC_551e2.dir/build.make CMakeFiles/cmTC_551e2.dir/build
Building C object CMakeFiles/cmTC_551e2.dir/feature_tests.c.o
/Users/chenfeifei/Android/android-ndk-r16b/toolchains/aarch64-linux-android-4.9/prebuilt/darwin-x86_64/bin/aarch64-linux-android-gcc --sysroot=/Users/chenfeifei/Android/android-ndk-r16b/sysroot   -isystem /Users/chenfeifei/Android/android-ndk-r16b/sysroot/usr/include/aarch64-linux-android -D__ANDROID_API__=21 -g -DANDROID -ffunction-sections -funwind-tables -fstack-protector-strong -no-canonical-prefixes -Wa,--noexecstack -Wformat -Werror=format-security   -fPIE   -std=c11 -o CMakeFiles/cmTC_551e2.dir/feature_tests.c.o   -c /Users/chenfeifei/DeepLearning/algorithm/AgoraAI/build/android/arm64-v8a/CMakeFiles/feature_tests.c
Linking C executable cmTC_551e2
/Applications/CMake.app/Contents/bin/cmake -E cmake_link_script CMakeFiles/cmTC_551e2.dir/link.txt --verbose=1
/Users/chenfeifei/Android/android-ndk-r16b/toolchains/aarch64-linux-android-4.9/prebuilt/darwin-x86_64/bin/aarch64-linux-android-gcc --sysroot=/Users/chenfeifei/Android/android-ndk-r16b/sysroot -isystem /Users/chenfeifei/Android/android-ndk-r16b/sysroot/usr/include/aarch64-linux-android -D__ANDROID_API__=21 -g -DANDROID -ffunction-sections -funwind-tables -fstack-protector-strong -no-canonical-prefixes -Wa,--noexecstack -Wformat -Werror=format-security    -Wl,--exclude-libs,libgcc.a -Wl,--exclude-libs,libatomic.a --sysroot /Users/chenfeifei/Android/android-ndk-r16b/platforms/android-21/arch-arm64 -Wl,--build-id -Wl,--warn-shared-textrel -Wl,--fatal-warnings -L/Users/chenfeifei/Android/android-ndk-r16b/sources/cxx-stl/llvm-libc++/libs/arm64-v8a -Wl,--no-undefined -Wl,-z,noexecstack -Wl,-z,relro -Wl,-z,now -Wl,--gc-sections -Wl,-z,nocopyreloc -pie -fPIE   CMakeFiles/cmTC_551e2.dir/feature_tests.c.o  -o cmTC_551e2 -latomic -lm 


    Feature record: C_FEATURE:1c_function_prototypes
    Feature record: C_FEATURE:1c_restrict
    Feature record: C_FEATURE:1c_static_assert
    Feature record: C_FEATURE:1c_variadic_macros


Detecting C [-std=c99] compiler features compiled with the following output:
Change Dir: /Users/chenfeifei/DeepLearning/algorithm/AgoraAI/build/android/arm64-v8a/CMakeFiles/CMakeTmp

Run Build Command:"/usr/bin/make" "cmTC_022b3/fast"
/Applications/Xcode.app/Contents/Developer/usr/bin/make -f CMakeFiles/cmTC_022b3.dir/build.make CMakeFiles/cmTC_022b3.dir/build
Building C object CMakeFiles/cmTC_022b3.dir/feature_tests.c.o
/Users/chenfeifei/Android/android-ndk-r16b/toolchains/aarch64-linux-android-4.9/prebuilt/darwin-x86_64/bin/aarch64-linux-android-gcc --sysroot=/Users/chenfeifei/Android/android-ndk-r16b/sysroot   -isystem /Users/chenfeifei/Android/android-ndk-r16b/sysroot/usr/include/aarch64-linux-android -D__ANDROID_API__=21 -g -DANDROID -ffunction-sections -funwind-tables -fstack-protector-strong -no-canonical-prefixes -Wa,--noexecstack -Wformat -Werror=format-security   -fPIE   -std=c99 -o CMakeFiles/cmTC_022b3.dir/feature_tests.c.o   -c /Users/chenfeifei/DeepLearning/algorithm/AgoraAI/build/android/arm64-v8a/CMakeFiles/feature_tests.c
Linking C executable cmTC_022b3
/Applications/CMake.app/Contents/bin/cmake -E cmake_link_script CMakeFiles/cmTC_022b3.dir/link.txt --verbose=1
/Users/chenfeifei/Android/android-ndk-r16b/toolchains/aarch64-linux-android-4.9/prebuilt/darwin-x86_64/bin/aarch64-linux-android-gcc --sysroot=/Users/chenfeifei/Android/android-ndk-r16b/sysroot -isystem /Users/chenfeifei/Android/android-ndk-r16b/sysroot/usr/include/aarch64-linux-android -D__ANDROID_API__=21 -g -DANDROID -ffunction-sections -funwind-tables -fstack-protector-strong -no-canonical-prefixes -Wa,--noexecstack -Wformat -Werror=format-security    -Wl,--exclude-libs,libgcc.a -Wl,--exclude-libs,libatomic.a --sysroot /Users/chenfeifei/Android/android-ndk-r16b/platforms/android-21/arch-arm64 -Wl,--build-id -Wl,--warn-shared-textrel -Wl,--fatal-warnings -L/Users/chenfeifei/Android/android-ndk-r16b/sources/cxx-stl/llvm-libc++/libs/arm64-v8a -Wl,--no-undefined -Wl,-z,noexecstack -Wl,-z,relro -Wl,-z,now -Wl,--gc-sections -Wl,-z,nocopyreloc -pie -fPIE   CMakeFiles/cmTC_022b3.dir/feature_tests.c.o  -o cmTC_022b3 -latomic -lm 


    Feature record: C_FEATURE:1c_function_prototypes
    Feature record: C_FEATURE:1c_restrict
    Feature record: C_FEATURE:0c_static_assert
    Feature record: C_FEATURE:1c_variadic_macros


Detecting C [-std=c90] compiler features compiled with the following output:
Change Dir: /Users/chenfeifei/DeepLearning/algorithm/AgoraAI/build/android/arm64-v8a/CMakeFiles/CMakeTmp

Run Build Command:"/usr/bin/make" "cmTC_d3d3c/fast"
/Applications/Xcode.app/Contents/Developer/usr/bin/make -f CMakeFiles/cmTC_d3d3c.dir/build.make CMakeFiles/cmTC_d3d3c.dir/build
Building C object CMakeFiles/cmTC_d3d3c.dir/feature_tests.c.o
/Users/chenfeifei/Android/android-ndk-r16b/toolchains/aarch64-linux-android-4.9/prebuilt/darwin-x86_64/bin/aarch64-linux-android-gcc --sysroot=/Users/chenfeifei/Android/android-ndk-r16b/sysroot   -isystem /Users/chenfeifei/Android/android-ndk-r16b/sysroot/usr/include/aarch64-linux-android -D__ANDROID_API__=21 -g -DANDROID -ffunction-sections -funwind-tables -fstack-protector-strong -no-canonical-prefixes -Wa,--noexecstack -Wformat -Werror=format-security   -fPIE   -std=c90 -o CMakeFiles/cmTC_d3d3c.dir/feature_tests.c.o   -c /Users/chenfeifei/DeepLearning/algorithm/AgoraAI/build/android/arm64-v8a/CMakeFiles/feature_tests.c
Linking C executable cmTC_d3d3c
/Applications/CMake.app/Contents/bin/cmake -E cmake_link_script CMakeFiles/cmTC_d3d3c.dir/link.txt --verbose=1
/Users/chenfeifei/Android/android-ndk-r16b/toolchains/aarch64-linux-android-4.9/prebuilt/darwin-x86_64/bin/aarch64-linux-android-gcc --sysroot=/Users/chenfeifei/Android/android-ndk-r16b/sysroot -isystem /Users/chenfeifei/Android/android-ndk-r16b/sysroot/usr/include/aarch64-linux-android -D__ANDROID_API__=21 -g -DANDROID -ffunction-sections -funwind-tables -fstack-protector-strong -no-canonical-prefixes -Wa,--noexecstack -Wformat -Werror=format-security    -Wl,--exclude-libs,libgcc.a -Wl,--exclude-libs,libatomic.a --sysroot /Users/chenfeifei/Android/android-ndk-r16b/platforms/android-21/arch-arm64 -Wl,--build-id -Wl,--warn-shared-textrel -Wl,--fatal-warnings -L/Users/chenfeifei/Android/android-ndk-r16b/sources/cxx-stl/llvm-libc++/libs/arm64-v8a -Wl,--no-undefined -Wl,-z,noexecstack -Wl,-z,relro -Wl,-z,now -Wl,--gc-sections -Wl,-z,nocopyreloc -pie -fPIE   CMakeFiles/cmTC_d3d3c.dir/feature_tests.c.o  -o cmTC_d3d3c -latomic -lm 


    Feature record: C_FEATURE:1c_function_prototypes
    Feature record: C_FEATURE:0c_restrict
    Feature record: C_FEATURE:0c_static_assert
    Feature record: C_FEATURE:0c_variadic_macros
Determining if the CXX compiler works passed with the following output:
Change Dir: /Users/chenfeifei/DeepLearning/algorithm/AgoraAI/build/android/arm64-v8a/CMakeFiles/CMakeTmp

Run Build Command:"/usr/bin/make" "cmTC_a3748/fast"
/Applications/Xcode.app/Contents/Developer/usr/bin/make -f CMakeFiles/cmTC_a3748.dir/build.make CMakeFiles/cmTC_a3748.dir/build
Building CXX object CMakeFiles/cmTC_a3748.dir/testCXXCompiler.cxx.o
/Users/chenfeifei/Android/android-ndk-r16b/toolchains/aarch64-linux-android-4.9/prebuilt/darwin-x86_64/bin/aarch64-linux-android-g++ --sysroot=/Users/chenfeifei/Android/android-ndk-r16b/sysroot   -isystem /Users/chenfeifei/Android/android-ndk-r16b/sources/cxx-stl/llvm-libc++/include -isystem /Users/chenfeifei/Android/android-ndk-r16b/sources/android/support/include -isystem /Users/chenfeifei/Android/android-ndk-r16b/sources/cxx-stl/llvm-libc++abi/include  -isystem /Users/chenfeifei/Android/android-ndk-r16b/sysroot/usr/include/aarch64-linux-android -D__ANDROID_API__=21 -g -DANDROID -ffunction-sections -funwind-tables -fstack-protector-strong -no-canonical-prefixes -Wa,--noexecstack -Wformat -Werror=format-security -std=c++11 -fno-strict-aliasing -std=c++11 -O2 -fno-exceptions -fno-rtti -fPIE                   -fno-bounds-check -funroll-loops -funswitch-loops                   -fvisibility=hidden -finline-functions -funsafe-loop-optimizations  -fPIE   -o CMakeFiles/cmTC_a3748.dir/testCXXCompiler.cxx.o -c /Users/chenfeifei/DeepLearning/algorithm/AgoraAI/build/android/arm64-v8a/CMakeFiles/CMakeTmp/testCXXCompiler.cxx
Linking CXX executable cmTC_a3748
/Applications/CMake.app/Contents/bin/cmake -E cmake_link_script CMakeFiles/cmTC_a3748.dir/link.txt --verbose=1
/Users/chenfeifei/Android/android-ndk-r16b/toolchains/aarch64-linux-android-4.9/prebuilt/darwin-x86_64/bin/aarch64-linux-android-g++ --sysroot=/Users/chenfeifei/Android/android-ndk-r16b/sysroot  -isystem /Users/chenfeifei/Android/android-ndk-r16b/sysroot/usr/include/aarch64-linux-android -D__ANDROID_API__=21 -g -DANDROID -ffunction-sections -funwind-tables -fstack-protector-strong -no-canonical-prefixes -Wa,--noexecstack -Wformat -Werror=format-security -std=c++11 -fno-strict-aliasing -std=c++11 -O2 -fno-exceptions -fno-rtti -fPIE                   -fno-bounds-check -funroll-loops -funswitch-loops                   -fvisibility=hidden -finline-functions -funsafe-loop-optimizations   -Wl,--exclude-libs,libgcc.a -Wl,--exclude-libs,libatomic.a --sysroot /Users/chenfeifei/Android/android-ndk-r16b/platforms/android-21/arch-arm64 -Wl,--build-id -Wl,--warn-shared-textrel -Wl,--fatal-warnings -L/Users/chenfeifei/Android/android-ndk-r16b/sources/cxx-stl/llvm-libc++/libs/arm64-v8a -Wl,--no-undefined -Wl,-z,noexecstack -Wl,-z,relro -Wl,-z,now -Wl,--gc-sections -Wl,-z,nocopyreloc -pie -fPIE   CMakeFiles/cmTC_a3748.dir/testCXXCompiler.cxx.o  -o cmTC_a3748 -latomic -lm "/Users/chenfeifei/Android/android-ndk-r16b/sources/cxx-stl/llvm-libc++/libs/arm64-v8a/libc++.a" 


Detecting CXX compiler ABI info compiled with the following output:
Change Dir: /Users/chenfeifei/DeepLearning/algorithm/AgoraAI/build/android/arm64-v8a/CMakeFiles/CMakeTmp

Run Build Command:"/usr/bin/make" "cmTC_a65ec/fast"
/Applications/Xcode.app/Contents/Developer/usr/bin/make -f CMakeFiles/cmTC_a65ec.dir/build.make CMakeFiles/cmTC_a65ec.dir/build
Building CXX object CMakeFiles/cmTC_a65ec.dir/CMakeCXXCompilerABI.cpp.o
/Users/chenfeifei/Android/android-ndk-r16b/toolchains/aarch64-linux-android-4.9/prebuilt/darwin-x86_64/bin/aarch64-linux-android-g++ --sysroot=/Users/chenfeifei/Android/android-ndk-r16b/sysroot   -isystem /Users/chenfeifei/Android/android-ndk-r16b/sources/cxx-stl/llvm-libc++/include -isystem /Users/chenfeifei/Android/android-ndk-r16b/sources/android/support/include -isystem /Users/chenfeifei/Android/android-ndk-r16b/sources/cxx-stl/llvm-libc++abi/include  -isystem /Users/chenfeifei/Android/android-ndk-r16b/sysroot/usr/include/aarch64-linux-android -D__ANDROID_API__=21 -g -DANDROID -ffunction-sections -funwind-tables -fstack-protector-strong -no-canonical-prefixes -Wa,--noexecstack -Wformat -Werror=format-security -std=c++11 -fno-strict-aliasing -std=c++11 -O2 -fno-exceptions -fno-rtti -fPIE                   -fno-bounds-check -funroll-loops -funswitch-loops                   -fvisibility=hidden -finline-functions -funsafe-loop-optimizations  -fPIE   -o CMakeFiles/cmTC_a65ec.dir/CMakeCXXCompilerABI.cpp.o -c /Applications/CMake.app/Contents/share/cmake-3.9/Modules/CMakeCXXCompilerABI.cpp
Linking CXX executable cmTC_a65ec
/Applications/CMake.app/Contents/bin/cmake -E cmake_link_script CMakeFiles/cmTC_a65ec.dir/link.txt --verbose=1
/Users/chenfeifei/Android/android-ndk-r16b/toolchains/aarch64-linux-android-4.9/prebuilt/darwin-x86_64/bin/aarch64-linux-android-g++ --sysroot=/Users/chenfeifei/Android/android-ndk-r16b/sysroot  -isystem /Users/chenfeifei/Android/android-ndk-r16b/sysroot/usr/include/aarch64-linux-android -D__ANDROID_API__=21 -g -DANDROID -ffunction-sections -funwind-tables -fstack-protector-strong -no-canonical-prefixes -Wa,--noexecstack -Wformat -Werror=format-security -std=c++11 -fno-strict-aliasing -std=c++11 -O2 -fno-exceptions -fno-rtti -fPIE                   -fno-bounds-check -funroll-loops -funswitch-loops                   -fvisibility=hidden -finline-functions -funsafe-loop-optimizations   -Wl,--exclude-libs,libgcc.a -Wl,--exclude-libs,libatomic.a --sysroot /Users/chenfeifei/Android/android-ndk-r16b/platforms/android-21/arch-arm64 -Wl,--build-id -Wl,--warn-shared-textrel -Wl,--fatal-warnings -L/Users/chenfeifei/Android/android-ndk-r16b/sources/cxx-stl/llvm-libc++/libs/arm64-v8a -Wl,--no-undefined -Wl,-z,noexecstack -Wl,-z,relro -Wl,-z,now -Wl,--gc-sections -Wl,-z,nocopyreloc -pie -fPIE  -v CMakeFiles/cmTC_a65ec.dir/CMakeCXXCompilerABI.cpp.o  -o cmTC_a65ec 
Using built-in specs.
COLLECT_GCC=/Users/chenfeifei/Android/android-ndk-r16b/toolchains/aarch64-linux-android-4.9/prebuilt/darwin-x86_64/bin/aarch64-linux-android-g++
COLLECT_LTO_WRAPPER=/Users/chenfeifei/Android/android-ndk-r16b/toolchains/aarch64-linux-android-4.9/prebuilt/darwin-x86_64/bin/../libexec/gcc/aarch64-linux-android/4.9.x/lto-wrapper
Target: aarch64-linux-android
Configured with: /Volumes/Android/buildbot/src/android/gcc/toolchain/build/../gcc/gcc-4.9/configure --prefix=/tmp/9e6abeae147b2d6a071687493238b928 --target=aarch64-linux-android --host=x86_64-apple-darwin --build=x86_64-apple-darwin --with-gnu-as --with-gnu-ld --enable-languages=c,c++ --with-gmp=/buildbot/tmp/build/toolchain/temp-install --with-mpfr=/buildbot/tmp/build/toolchain/temp-install --with-mpc=/buildbot/tmp/build/toolchain/temp-install --with-cloog=/buildbot/tmp/build/toolchain/temp-install --with-isl=/buildbot/tmp/build/toolchain/temp-install --with-ppl=/buildbot/tmp/build/toolchain/temp-install --disable-ppl-version-check --disable-cloog-version-check --disable-isl-version-check --enable-cloog-backend=isl --with-host-libstdcxx='-static-libgcc -lstdc++ -lm' --disable-libssp --enable-threads --disable-nls --disable-libmudflap --disable-libgomp --disable-libstdc__-v3 --disable-sjlj-exceptions --disable-shared --disable-tls --disable-libitm --enable-bionic-libs --enable-libatomic-ifuncs=no --enable-initfini-array --disable-nls --prefix=/tmp/9e6abeae147b2d6a071687493238b928 --with-sysroot=/tmp/9e6abeae147b2d6a071687493238b928/sysroot --with-binutils-version=2.27 --with-mpfr-version=3.1.1 --with-mpc-version=1.0.1 --with-gmp-version=5.0.5 --with-gcc-version=4.9 --with-gdb-version=none --with-gxx-include-dir=/tmp/9e6abeae147b2d6a071687493238b928/include/c++/4.9.x --with-bugurl=http://source.android.com/source/report-bugs.html --enable-languages=c,c++ --disable-bootstrap --enable-plugins --enable-libgomp --enable-gnu-indirect-function --disable-libsanitizer --enable-gold --enable-ld=default --enable-threads --enable-eh-frame-hdr-for-static --enable-fix-cortex-a53-835769 --enable-graphite=yes --with-isl-version=0.11.1 --with-cloog-version=0.18.0 --program-transform-name='s&^&aarch64-linux-android-&' --enable-gold
Thread model: posix
gcc version 4.9.x 20150123 (prerelease) (GCC) 
COMPILER_PATH=/Users/chenfeifei/Android/android-ndk-r16b/toolchains/aarch64-linux-android-4.9/prebuilt/darwin-x86_64/bin/../libexec/gcc/aarch64-linux-android/4.9.x/:/Users/chenfeifei/Android/android-ndk-r16b/toolchains/aarch64-linux-android-4.9/prebuilt/darwin-x86_64/bin/../libexec/gcc/:/Users/chenfeifei/Android/android-ndk-r16b/toolchains/aarch64-linux-android-4.9/prebuilt/darwin-x86_64/bin/../lib/gcc/aarch64-linux-android/4.9.x/../../../../aarch64-linux-android/bin/
LIBRARY_PATH=/Users/chenfeifei/Android/android-ndk-r16b/toolchains/aarch64-linux-android-4.9/prebuilt/darwin-x86_64/bin/../lib/gcc/aarch64-linux-android/4.9.x/:/Users/chenfeifei/Android/android-ndk-r16b/toolchains/aarch64-linux-android-4.9/prebuilt/darwin-x86_64/bin/../lib/gcc/:/Users/chenfeifei/Android/android-ndk-r16b/toolchains/aarch64-linux-android-4.9/prebuilt/darwin-x86_64/bin/../lib/gcc/aarch64-linux-android/4.9.x/../../../../aarch64-linux-android/lib/../lib64/:/Users/chenfeifei/Android/android-ndk-r16b/toolchains/aarch64-linux-android-4.9/prebuilt/darwin-x86_64/bin/../lib/gcc/aarch64-linux-android/4.9.x/../../../../aarch64-linux-android/lib/:/Users/chenfeifei/Android/android-ndk-r16b/platforms/android-21/arch-arm64/usr/lib/
COLLECT_GCC_OPTIONS='-isystem' '/Users/chenfeifei/Android/android-ndk-r16b/sysroot/usr/include/aarch64-linux-android' '-D' '__ANDROID_API__=21' '-g' '-D' 'ANDROID' '-ffunction-sections' '-funwind-tables' '-fstack-protector-strong' '-Wformat=1' '-Werror=format-security' '-std=c++11' '-fno-strict-aliasing' '-std=c++11' '-O2' '-fno-exceptions' '-fno-rtti' '-fno-bounds-check' '-funroll-loops' '-funswitch-loops' '-fvisibility=hidden' '-finline-functions' '-funsafe-loop-optimizations' '-L/Users/chenfeifei/Android/android-ndk-r16b/sources/cxx-stl/llvm-libc++/libs/arm64-v8a' '-pie' '-fPIE' '-v' '-o' 'cmTC_a65ec' '-mlittle-endian' '-mabi=lp64'
 /Users/chenfeifei/Android/android-ndk-r16b/toolchains/aarch64-linux-android-4.9/prebuilt/darwin-x86_64/bin/../libexec/gcc/aarch64-linux-android/4.9.x/collect2 -plugin /Users/chenfeifei/Android/android-ndk-r16b/toolchains/aarch64-linux-android-4.9/prebuilt/darwin-x86_64/bin/../libexec/gcc/aarch64-linux-android/4.9.x/liblto_plugin.so -plugin-opt=/Users/chenfeifei/Android/android-ndk-r16b/toolchains/aarch64-linux-android-4.9/prebuilt/darwin-x86_64/bin/../libexec/gcc/aarch64-linux-android/4.9.x/lto-wrapper -plugin-opt=-fresolution=/var/folders/vt/w424wj3n2275202tvbmt_xm80000gn/T//ccGQwHAh.res -plugin-opt=-pass-through=-lgcc -plugin-opt=-pass-through=-lc -plugin-opt=-pass-through=-ldl -plugin-opt=-pass-through=-lgcc --sysroot=/Users/chenfeifei/Android/android-ndk-r16b/platforms/android-21/arch-arm64 --eh-frame-hdr -dynamic-linker /system/bin/linker64 -X -EL -maarch64linux --fix-cortex-a53-835769 --fix-cortex-a53-843419 -z noexecstack -z relro -z now -pie -o cmTC_a65ec /Users/chenfeifei/Android/android-ndk-r16b/platforms/android-21/arch-arm64/usr/lib/crtbegin_dynamic.o -L/Users/chenfeifei/Android/android-ndk-r16b/sources/cxx-stl/llvm-libc++/libs/arm64-v8a -L/Users/chenfeifei/Android/android-ndk-r16b/toolchains/aarch64-linux-android-4.9/prebuilt/darwin-x86_64/bin/../lib/gcc/aarch64-linux-android/4.9.x -L/Users/chenfeifei/Android/android-ndk-r16b/toolchains/aarch64-linux-android-4.9/prebuilt/darwin-x86_64/bin/../lib/gcc -L/Users/chenfeifei/Android/android-ndk-r16b/toolchains/aarch64-linux-android-4.9/prebuilt/darwin-x86_64/bin/../lib/gcc/aarch64-linux-android/4.9.x/../../../../aarch64-linux-android/lib/../lib64 -L/Users/chenfeifei/Android/android-ndk-r16b/toolchains/aarch64-linux-android-4.9/prebuilt/darwin-x86_64/bin/../lib/gcc/aarch64-linux-android/4.9.x/../../../../aarch64-linux-android/lib -L/Users/chenfeifei/Android/android-ndk-r16b/platforms/android-21/arch-arm64/usr/lib --exclude-libs libgcc.a --exclude-libs libatomic.a --build-id --warn-shared-textrel --fatal-warnings --no-undefined -z noexecstack -z relro -z now --gc-sections -z nocopyreloc CMakeFiles/cmTC_a65ec.dir/CMakeCXXCompilerABI.cpp.o -lstdc++ -lm -lgcc -lc -ldl -lgcc /Users/chenfeifei/Android/android-ndk-r16b/platforms/android-21/arch-arm64/usr/lib/crtend_android.o


Parsed CXX implicit link information from above output:
  link line regex: [^( *|.*[/\])(aarch64-linux-android-ld|CMAKE_LINK_STARTFILE-NOTFOUND|([^/\]+-)?ld|collect2)[^/\]*( |$)]
  ignore line: [Change Dir: /Users/chenfeifei/DeepLearning/algorithm/AgoraAI/build/android/arm64-v8a/CMakeFiles/CMakeTmp]
  ignore line: []
  ignore line: [Run Build Command:"/usr/bin/make" "cmTC_a65ec/fast"]
  ignore line: [/Applications/Xcode.app/Contents/Developer/usr/bin/make -f CMakeFiles/cmTC_a65ec.dir/build.make CMakeFiles/cmTC_a65ec.dir/build]
  ignore line: [Building CXX object CMakeFiles/cmTC_a65ec.dir/CMakeCXXCompilerABI.cpp.o]
  ignore line: [/Users/chenfeifei/Android/android-ndk-r16b/toolchains/aarch64-linux-android-4.9/prebuilt/darwin-x86_64/bin/aarch64-linux-android-g++ --sysroot=/Users/chenfeifei/Android/android-ndk-r16b/sysroot   -isystem /Users/chenfeifei/Android/android-ndk-r16b/sources/cxx-stl/llvm-libc++/include -isystem /Users/chenfeifei/Android/android-ndk-r16b/sources/android/support/include -isystem /Users/chenfeifei/Android/android-ndk-r16b/sources/cxx-stl/llvm-libc++abi/include  -isystem /Users/chenfeifei/Android/android-ndk-r16b/sysroot/usr/include/aarch64-linux-android -D__ANDROID_API__=21 -g -DANDROID -ffunction-sections -funwind-tables -fstack-protector-strong -no-canonical-prefixes -Wa,--noexecstack -Wformat -Werror=format-security -std=c++11 -fno-strict-aliasing -std=c++11 -O2 -fno-exceptions -fno-rtti -fPIE                   -fno-bounds-check -funroll-loops -funswitch-loops                   -fvisibility=hidden -finline-functions -funsafe-loop-optimizations  -fPIE   -o CMakeFiles/cmTC_a65ec.dir/CMakeCXXCompilerABI.cpp.o -c /Applications/CMake.app/Contents/share/cmake-3.9/Modules/CMakeCXXCompilerABI.cpp]
  ignore line: [Linking CXX executable cmTC_a65ec]
  ignore line: [/Applications/CMake.app/Contents/bin/cmake -E cmake_link_script CMakeFiles/cmTC_a65ec.dir/link.txt --verbose=1]
  ignore line: [/Users/chenfeifei/Android/android-ndk-r16b/toolchains/aarch64-linux-android-4.9/prebuilt/darwin-x86_64/bin/aarch64-linux-android-g++ --sysroot=/Users/chenfeifei/Android/android-ndk-r16b/sysroot  -isystem /Users/chenfeifei/Android/android-ndk-r16b/sysroot/usr/include/aarch64-linux-android -D__ANDROID_API__=21 -g -DANDROID -ffunction-sections -funwind-tables -fstack-protector-strong -no-canonical-prefixes -Wa,--noexecstack -Wformat -Werror=format-security -std=c++11 -fno-strict-aliasing -std=c++11 -O2 -fno-exceptions -fno-rtti -fPIE                   -fno-bounds-check -funroll-loops -funswitch-loops                   -fvisibility=hidden -finline-functions -funsafe-loop-optimizations   -Wl,--exclude-libs,libgcc.a -Wl,--exclude-libs,libatomic.a --sysroot /Users/chenfeifei/Android/android-ndk-r16b/platforms/android-21/arch-arm64 -Wl,--build-id -Wl,--warn-shared-textrel -Wl,--fatal-warnings -L/Users/chenfeifei/Android/android-ndk-r16b/sources/cxx-stl/llvm-libc++/libs/arm64-v8a -Wl,--no-undefined -Wl,-z,noexecstack -Wl,-z,relro -Wl,-z,now -Wl,--gc-sections -Wl,-z,nocopyreloc -pie -fPIE  -v CMakeFiles/cmTC_a65ec.dir/CMakeCXXCompilerABI.cpp.o  -o cmTC_a65ec ]
  ignore line: [Using built-in specs.]
  ignore line: [COLLECT_GCC=/Users/chenfeifei/Android/android-ndk-r16b/toolchains/aarch64-linux-android-4.9/prebuilt/darwin-x86_64/bin/aarch64-linux-android-g++]
  ignore line: [COLLECT_LTO_WRAPPER=/Users/chenfeifei/Android/android-ndk-r16b/toolchains/aarch64-linux-android-4.9/prebuilt/darwin-x86_64/bin/../libexec/gcc/aarch64-linux-android/4.9.x/lto-wrapper]
  ignore line: [Target: aarch64-linux-android]
  ignore line: [Configured with: /Volumes/Android/buildbot/src/android/gcc/toolchain/build/../gcc/gcc-4.9/configure --prefix=/tmp/9e6abeae147b2d6a071687493238b928 --target=aarch64-linux-android --host=x86_64-apple-darwin --build=x86_64-apple-darwin --with-gnu-as --with-gnu-ld --enable-languages=c,c++ --with-gmp=/buildbot/tmp/build/toolchain/temp-install --with-mpfr=/buildbot/tmp/build/toolchain/temp-install --with-mpc=/buildbot/tmp/build/toolchain/temp-install --with-cloog=/buildbot/tmp/build/toolchain/temp-install --with-isl=/buildbot/tmp/build/toolchain/temp-install --with-ppl=/buildbot/tmp/build/toolchain/temp-install --disable-ppl-version-check --disable-cloog-version-check --disable-isl-version-check --enable-cloog-backend=isl --with-host-libstdcxx='-static-libgcc -lstdc++ -lm' --disable-libssp --enable-threads --disable-nls --disable-libmudflap --disable-libgomp --disable-libstdc__-v3 --disable-sjlj-exceptions --disable-shared --disable-tls --disable-libitm --enable-bionic-libs --enable-libatomic-ifuncs=no --enable-initfini-array --disable-nls --prefix=/tmp/9e6abeae147b2d6a071687493238b928 --with-sysroot=/tmp/9e6abeae147b2d6a071687493238b928/sysroot --with-binutils-version=2.27 --with-mpfr-version=3.1.1 --with-mpc-version=1.0.1 --with-gmp-version=5.0.5 --with-gcc-version=4.9 --with-gdb-version=none --with-gxx-include-dir=/tmp/9e6abeae147b2d6a071687493238b928/include/c++/4.9.x --with-bugurl=http://source.android.com/source/report-bugs.html --enable-languages=c,c++ --disable-bootstrap --enable-plugins --enable-libgomp --enable-gnu-indirect-function --disable-libsanitizer --enable-gold --enable-ld=default --enable-threads --enable-eh-frame-hdr-for-static --enable-fix-cortex-a53-835769 --enable-graphite=yes --with-isl-version=0.11.1 --with-cloog-version=0.18.0 --program-transform-name='s&^&aarch64-linux-android-&' --enable-gold]
  ignore line: [Thread model: posix]
  ignore line: [gcc version 4.9.x 20150123 (prerelease) (GCC) ]
  ignore line: [COMPILER_PATH=/Users/chenfeifei/Android/android-ndk-r16b/toolchains/aarch64-linux-android-4.9/prebuilt/darwin-x86_64/bin/../libexec/gcc/aarch64-linux-android/4.9.x/:/Users/chenfeifei/Android/android-ndk-r16b/toolchains/aarch64-linux-android-4.9/prebuilt/darwin-x86_64/bin/../libexec/gcc/:/Users/chenfeifei/Android/android-ndk-r16b/toolchains/aarch64-linux-android-4.9/prebuilt/darwin-x86_64/bin/../lib/gcc/aarch64-linux-android/4.9.x/../../../../aarch64-linux-android/bin/]
  ignore line: [LIBRARY_PATH=/Users/chenfeifei/Android/android-ndk-r16b/toolchains/aarch64-linux-android-4.9/prebuilt/darwin-x86_64/bin/../lib/gcc/aarch64-linux-android/4.9.x/:/Users/chenfeifei/Android/android-ndk-r16b/toolchains/aarch64-linux-android-4.9/prebuilt/darwin-x86_64/bin/../lib/gcc/:/Users/chenfeifei/Android/android-ndk-r16b/toolchains/aarch64-linux-android-4.9/prebuilt/darwin-x86_64/bin/../lib/gcc/aarch64-linux-android/4.9.x/../../../../aarch64-linux-android/lib/../lib64/:/Users/chenfeifei/Android/android-ndk-r16b/toolchains/aarch64-linux-android-4.9/prebuilt/darwin-x86_64/bin/../lib/gcc/aarch64-linux-android/4.9.x/../../../../aarch64-linux-android/lib/:/Users/chenfeifei/Android/android-ndk-r16b/platforms/android-21/arch-arm64/usr/lib/]
  ignore line: [COLLECT_GCC_OPTIONS='-isystem' '/Users/chenfeifei/Android/android-ndk-r16b/sysroot/usr/include/aarch64-linux-android' '-D' '__ANDROID_API__=21' '-g' '-D' 'ANDROID' '-ffunction-sections' '-funwind-tables' '-fstack-protector-strong' '-Wformat=1' '-Werror=format-security' '-std=c++11' '-fno-strict-aliasing' '-std=c++11' '-O2' '-fno-exceptions' '-fno-rtti' '-fno-bounds-check' '-funroll-loops' '-funswitch-loops' '-fvisibility=hidden' '-finline-functions' '-funsafe-loop-optimizations' '-L/Users/chenfeifei/Android/android-ndk-r16b/sources/cxx-stl/llvm-libc++/libs/arm64-v8a' '-pie' '-fPIE' '-v' '-o' 'cmTC_a65ec' '-mlittle-endian' '-mabi=lp64']
  link line: [ /Users/chenfeifei/Android/android-ndk-r16b/toolchains/aarch64-linux-android-4.9/prebuilt/darwin-x86_64/bin/../libexec/gcc/aarch64-linux-android/4.9.x/collect2 -plugin /Users/chenfeifei/Android/android-ndk-r16b/toolchains/aarch64-linux-android-4.9/prebuilt/darwin-x86_64/bin/../libexec/gcc/aarch64-linux-android/4.9.x/liblto_plugin.so -plugin-opt=/Users/chenfeifei/Android/android-ndk-r16b/toolchains/aarch64-linux-android-4.9/prebuilt/darwin-x86_64/bin/../libexec/gcc/aarch64-linux-android/4.9.x/lto-wrapper -plugin-opt=-fresolution=/var/folders/vt/w424wj3n2275202tvbmt_xm80000gn/T//ccGQwHAh.res -plugin-opt=-pass-through=-lgcc -plugin-opt=-pass-through=-lc -plugin-opt=-pass-through=-ldl -plugin-opt=-pass-through=-lgcc --sysroot=/Users/chenfeifei/Android/android-ndk-r16b/platforms/android-21/arch-arm64 --eh-frame-hdr -dynamic-linker /system/bin/linker64 -X -EL -maarch64linux --fix-cortex-a53-835769 --fix-cortex-a53-843419 -z noexecstack -z relro -z now -pie -o cmTC_a65ec /Users/chenfeifei/Android/android-ndk-r16b/platforms/android-21/arch-arm64/usr/lib/crtbegin_dynamic.o -L/Users/chenfeifei/Android/android-ndk-r16b/sources/cxx-stl/llvm-libc++/libs/arm64-v8a -L/Users/chenfeifei/Android/android-ndk-r16b/toolchains/aarch64-linux-android-4.9/prebuilt/darwin-x86_64/bin/../lib/gcc/aarch64-linux-android/4.9.x -L/Users/chenfeifei/Android/android-ndk-r16b/toolchains/aarch64-linux-android-4.9/prebuilt/darwin-x86_64/bin/../lib/gcc -L/Users/chenfeifei/Android/android-ndk-r16b/toolchains/aarch64-linux-android-4.9/prebuilt/darwin-x86_64/bin/../lib/gcc/aarch64-linux-android/4.9.x/../../../../aarch64-linux-android/lib/../lib64 -L/Users/chenfeifei/Android/android-ndk-r16b/toolchains/aarch64-linux-android-4.9/prebuilt/darwin-x86_64/bin/../lib/gcc/aarch64-linux-android/4.9.x/../../../../aarch64-linux-android/lib -L/Users/chenfeifei/Android/android-ndk-r16b/platforms/android-21/arch-arm64/usr/lib --exclude-libs libgcc.a --exclude-libs libatomic.a --build-id --warn-shared-textrel --fatal-warnings --no-undefined -z noexecstack -z relro -z now --gc-sections -z nocopyreloc CMakeFiles/cmTC_a65ec.dir/CMakeCXXCompilerABI.cpp.o -lstdc++ -lm -lgcc -lc -ldl -lgcc /Users/chenfeifei/Android/android-ndk-r16b/platforms/android-21/arch-arm64/usr/lib/crtend_android.o]
    arg [/Users/chenfeifei/Android/android-ndk-r16b/toolchains/aarch64-linux-android-4.9/prebuilt/darwin-x86_64/bin/../libexec/gcc/aarch64-linux-android/4.9.x/collect2] ==> ignore
    arg [-plugin] ==> ignore
    arg [/Users/chenfeifei/Android/android-ndk-r16b/toolchains/aarch64-linux-android-4.9/prebuilt/darwin-x86_64/bin/../libexec/gcc/aarch64-linux-android/4.9.x/liblto_plugin.so] ==> ignore
    arg [-plugin-opt=/Users/chenfeifei/Android/android-ndk-r16b/toolchains/aarch64-linux-android-4.9/prebuilt/darwin-x86_64/bin/../libexec/gcc/aarch64-linux-android/4.9.x/lto-wrapper] ==> ignore
    arg [-plugin-opt=-fresolution=/var/folders/vt/w424wj3n2275202tvbmt_xm80000gn/T//ccGQwHAh.res] ==> ignore
    arg [-plugin-opt=-pass-through=-lgcc] ==> ignore
    arg [-plugin-opt=-pass-through=-lc] ==> ignore
    arg [-plugin-opt=-pass-through=-ldl] ==> ignore
    arg [-plugin-opt=-pass-through=-lgcc] ==> ignore
    arg [--sysroot=/Users/chenfeifei/Android/android-ndk-r16b/platforms/android-21/arch-arm64] ==> ignore
    arg [--eh-frame-hdr] ==> ignore
    arg [-dynamic-linker] ==> ignore
    arg [/system/bin/linker64] ==> ignore
    arg [-X] ==> ignore
    arg [-EL] ==> ignore
    arg [-maarch64linux] ==> ignore
    arg [--fix-cortex-a53-835769] ==> ignore
    arg [--fix-cortex-a53-843419] ==> ignore
    arg [-znoexecstack] ==> ignore
    arg [-zrelro] ==> ignore
    arg [-znow] ==> ignore
    arg [-pie] ==> ignore
    arg [-o] ==> ignore
    arg [cmTC_a65ec] ==> ignore
    arg [/Users/chenfeifei/Android/android-ndk-r16b/platforms/android-21/arch-arm64/usr/lib/crtbegin_dynamic.o] ==> ignore
    arg [-L/Users/chenfeifei/Android/android-ndk-r16b/sources/cxx-stl/llvm-libc++/libs/arm64-v8a] ==> dir [/Users/chenfeifei/Android/android-ndk-r16b/sources/cxx-stl/llvm-libc++/libs/arm64-v8a]
    arg [-L/Users/chenfeifei/Android/android-ndk-r16b/toolchains/aarch64-linux-android-4.9/prebuilt/darwin-x86_64/bin/../lib/gcc/aarch64-linux-android/4.9.x] ==> dir [/Users/chenfeifei/Android/android-ndk-r16b/toolchains/aarch64-linux-android-4.9/prebuilt/darwin-x86_64/bin/../lib/gcc/aarch64-linux-android/4.9.x]
    arg [-L/Users/chenfeifei/Android/android-ndk-r16b/toolchains/aarch64-linux-android-4.9/prebuilt/darwin-x86_64/bin/../lib/gcc] ==> dir [/Users/chenfeifei/Android/android-ndk-r16b/toolchains/aarch64-linux-android-4.9/prebuilt/darwin-x86_64/bin/../lib/gcc]
    arg [-L/Users/chenfeifei/Android/android-ndk-r16b/toolchains/aarch64-linux-android-4.9/prebuilt/darwin-x86_64/bin/../lib/gcc/aarch64-linux-android/4.9.x/../../../../aarch64-linux-android/lib/../lib64] ==> dir [/Users/chenfeifei/Android/android-ndk-r16b/toolchains/aarch64-linux-android-4.9/prebuilt/darwin-x86_64/bin/../lib/gcc/aarch64-linux-android/4.9.x/../../../../aarch64-linux-android/lib/../lib64]
    arg [-L/Users/chenfeifei/Android/android-ndk-r16b/toolchains/aarch64-linux-android-4.9/prebuilt/darwin-x86_64/bin/../lib/gcc/aarch64-linux-android/4.9.x/../../../../aarch64-linux-android/lib] ==> dir [/Users/chenfeifei/Android/android-ndk-r16b/toolchains/aarch64-linux-android-4.9/prebuilt/darwin-x86_64/bin/../lib/gcc/aarch64-linux-android/4.9.x/../../../../aarch64-linux-android/lib]
    arg [-L/Users/chenfeifei/Android/android-ndk-r16b/platforms/android-21/arch-arm64/usr/lib] ==> dir [/Users/chenfeifei/Android/android-ndk-r16b/platforms/android-21/arch-arm64/usr/lib]
    arg [--exclude-libs] ==> ignore
    arg [libgcc.a] ==> ignore
    arg [--exclude-libs] ==> ignore
    arg [libatomic.a] ==> ignore
    arg [--build-id] ==> ignore
    arg [--warn-shared-textrel] ==> ignore
    arg [--fatal-warnings] ==> ignore
    arg [--no-undefined] ==> ignore
    arg [-znoexecstack] ==> ignore
    arg [-zrelro] ==> ignore
    arg [-znow] ==> ignore
    arg [--gc-sections] ==> ignore
    arg [-znocopyreloc] ==> ignore
    arg [CMakeFiles/cmTC_a65ec.dir/CMakeCXXCompilerABI.cpp.o] ==> ignore
    arg [-lstdc++] ==> lib [stdc++]
    arg [-lm] ==> lib [m]
    arg [-lgcc] ==> lib [gcc]
    arg [-lc] ==> lib [c]
    arg [-ldl] ==> lib [dl]
    arg [-lgcc] ==> lib [gcc]
    arg [/Users/chenfeifei/Android/android-ndk-r16b/platforms/android-21/arch-arm64/usr/lib/crtend_android.o] ==> ignore
  collapse library dir [/Users/chenfeifei/Android/android-ndk-r16b/sources/cxx-stl/llvm-libc++/libs/arm64-v8a] ==> [/Users/chenfeifei/Android/android-ndk-r16b/sources/cxx-stl/llvm-libc++/libs/arm64-v8a]
  collapse library dir [/Users/chenfeifei/Android/android-ndk-r16b/toolchains/aarch64-linux-android-4.9/prebuilt/darwin-x86_64/bin/../lib/gcc/aarch64-linux-android/4.9.x] ==> [/Users/chenfeifei/Android/android-ndk-r16b/toolchains/aarch64-linux-android-4.9/prebuilt/darwin-x86_64/lib/gcc/aarch64-linux-android/4.9.x]
  collapse library dir [/Users/chenfeifei/Android/android-ndk-r16b/toolchains/aarch64-linux-android-4.9/prebuilt/darwin-x86_64/bin/../lib/gcc] ==> [/Users/chenfeifei/Android/android-ndk-r16b/toolchains/aarch64-linux-android-4.9/prebuilt/darwin-x86_64/lib/gcc]
  collapse library dir [/Users/chenfeifei/Android/android-ndk-r16b/toolchains/aarch64-linux-android-4.9/prebuilt/darwin-x86_64/bin/../lib/gcc/aarch64-linux-android/4.9.x/../../../../aarch64-linux-android/lib/../lib64] ==> [/Users/chenfeifei/Android/android-ndk-r16b/toolchains/aarch64-linux-android-4.9/prebuilt/darwin-x86_64/aarch64-linux-android/lib64]
  collapse library dir [/Users/chenfeifei/Android/android-ndk-r16b/toolchains/aarch64-linux-android-4.9/prebuilt/darwin-x86_64/bin/../lib/gcc/aarch64-linux-android/4.9.x/../../../../aarch64-linux-android/lib] ==> [/Users/chenfeifei/Android/android-ndk-r16b/toolchains/aarch64-linux-android-4.9/prebuilt/darwin-x86_64/aarch64-linux-android/lib]
  collapse library dir [/Users/chenfeifei/Android/android-ndk-r16b/platforms/android-21/arch-arm64/usr/lib] ==> [/Users/chenfeifei/Android/android-ndk-r16b/platforms/android-21/arch-arm64/usr/lib]
  implicit libs: [stdc++;m;gcc;c;dl;gcc]
  implicit dirs: [/Users/chenfeifei/Android/android-ndk-r16b/sources/cxx-stl/llvm-libc++/libs/arm64-v8a;/Users/chenfeifei/Android/android-ndk-r16b/toolchains/aarch64-linux-android-4.9/prebuilt/darwin-x86_64/lib/gcc/aarch64-linux-android/4.9.x;/Users/chenfeifei/Android/android-ndk-r16b/toolchains/aarch64-linux-android-4.9/prebuilt/darwin-x86_64/lib/gcc;/Users/chenfeifei/Android/android-ndk-r16b/toolchains/aarch64-linux-android-4.9/prebuilt/darwin-x86_64/aarch64-linux-android/lib64;/Users/chenfeifei/Android/android-ndk-r16b/toolchains/aarch64-linux-android-4.9/prebuilt/darwin-x86_64/aarch64-linux-android/lib;/Users/chenfeifei/Android/android-ndk-r16b/platforms/android-21/arch-arm64/usr/lib]
  implicit fwks: []




Detecting CXX [-std=c++14] compiler features compiled with the following output:
Change Dir: /Users/chenfeifei/DeepLearning/algorithm/AgoraAI/build/android/arm64-v8a/CMakeFiles/CMakeTmp

Run Build Command:"/usr/bin/make" "cmTC_10ad8/fast"
/Applications/Xcode.app/Contents/Developer/usr/bin/make -f CMakeFiles/cmTC_10ad8.dir/build.make CMakeFiles/cmTC_10ad8.dir/build
Building CXX object CMakeFiles/cmTC_10ad8.dir/feature_tests.cxx.o
/Users/chenfeifei/Android/android-ndk-r16b/toolchains/aarch64-linux-android-4.9/prebuilt/darwin-x86_64/bin/aarch64-linux-android-g++ --sysroot=/Users/chenfeifei/Android/android-ndk-r16b/sysroot   -isystem /Users/chenfeifei/Android/android-ndk-r16b/sources/cxx-stl/llvm-libc++/include -isystem /Users/chenfeifei/Android/android-ndk-r16b/sources/android/support/include -isystem /Users/chenfeifei/Android/android-ndk-r16b/sources/cxx-stl/llvm-libc++abi/include  -isystem /Users/chenfeifei/Android/android-ndk-r16b/sysroot/usr/include/aarch64-linux-android -D__ANDROID_API__=21 -g -DANDROID -ffunction-sections -funwind-tables -fstack-protector-strong -no-canonical-prefixes -Wa,--noexecstack -Wformat -Werror=format-security -std=c++11 -fno-strict-aliasing -std=c++11 -O2 -fno-exceptions -fno-rtti -fPIE                   -fno-bounds-check -funroll-loops -funswitch-loops                   -fvisibility=hidden -finline-functions -funsafe-loop-optimizations  -fPIE   -std=c++14 -o CMakeFiles/cmTC_10ad8.dir/feature_tests.cxx.o -c /Users/chenfeifei/DeepLearning/algorithm/AgoraAI/build/android/arm64-v8a/CMakeFiles/feature_tests.cxx
Linking CXX executable cmTC_10ad8
/Applications/CMake.app/Contents/bin/cmake -E cmake_link_script CMakeFiles/cmTC_10ad8.dir/link.txt --verbose=1
/Users/chenfeifei/Android/android-ndk-r16b/toolchains/aarch64-linux-android-4.9/prebuilt/darwin-x86_64/bin/aarch64-linux-android-g++ --sysroot=/Users/chenfeifei/Android/android-ndk-r16b/sysroot  -isystem /Users/chenfeifei/Android/android-ndk-r16b/sysroot/usr/include/aarch64-linux-android -D__ANDROID_API__=21 -g -DANDROID -ffunction-sections -funwind-tables -fstack-protector-strong -no-canonical-prefixes -Wa,--noexecstack -Wformat -Werror=format-security -std=c++11 -fno-strict-aliasing -std=c++11 -O2 -fno-exceptions -fno-rtti -fPIE                   -fno-bounds-check -funroll-loops -funswitch-loops                   -fvisibility=hidden -finline-functions -funsafe-loop-optimizations   -Wl,--exclude-libs,libgcc.a -Wl,--exclude-libs,libatomic.a --sysroot /Users/chenfeifei/Android/android-ndk-r16b/platforms/android-21/arch-arm64 -Wl,--build-id -Wl,--warn-shared-textrel -Wl,--fatal-warnings -L/Users/chenfeifei/Android/android-ndk-r16b/sources/cxx-stl/llvm-libc++/libs/arm64-v8a -Wl,--no-undefined -Wl,-z,noexecstack -Wl,-z,relro -Wl,-z,now -Wl,--gc-sections -Wl,-z,nocopyreloc -pie -fPIE   CMakeFiles/cmTC_10ad8.dir/feature_tests.cxx.o  -o cmTC_10ad8 -latomic -lm "/Users/chenfeifei/Android/android-ndk-r16b/sources/cxx-stl/llvm-libc++/libs/arm64-v8a/libc++.a" 


    Feature record: CXX_FEATURE:0cxx_aggregate_default_initializers
    Feature record: CXX_FEATURE:1cxx_alias_templates
    Feature record: CXX_FEATURE:1cxx_alignas
    Feature record: CXX_FEATURE:1cxx_alignof
    Feature record: CXX_FEATURE:1cxx_attributes
    Feature record: CXX_FEATURE:1cxx_attribute_deprecated
    Feature record: CXX_FEATURE:1cxx_auto_type
    Feature record: CXX_FEATURE:1cxx_binary_literals
    Feature record: CXX_FEATURE:1cxx_constexpr
    Feature record: CXX_FEATURE:1cxx_contextual_conversions
    Feature record: CXX_FEATURE:1cxx_decltype
    Feature record: CXX_FEATURE:1cxx_decltype_auto
    Feature record: CXX_FEATURE:1cxx_decltype_incomplete_return_types
    Feature record: CXX_FEATURE:1cxx_default_function_template_args
    Feature record: CXX_FEATURE:1cxx_defaulted_functions
    Feature record: CXX_FEATURE:1cxx_defaulted_move_initializers
    Feature record: CXX_FEATURE:1cxx_delegating_constructors
    Feature record: CXX_FEATURE:1cxx_deleted_functions
    Feature record: CXX_FEATURE:1cxx_digit_separators
    Feature record: CXX_FEATURE:1cxx_enum_forward_declarations
    Feature record: CXX_FEATURE:1cxx_explicit_conversions
    Feature record: CXX_FEATURE:1cxx_extended_friend_declarations
    Feature record: CXX_FEATURE:1cxx_extern_templates
    Feature record: CXX_FEATURE:1cxx_final
    Feature record: CXX_FEATURE:1cxx_func_identifier
    Feature record: CXX_FEATURE:1cxx_generalized_initializers
    Feature record: CXX_FEATURE:1cxx_generic_lambdas
    Feature record: CXX_FEATURE:1cxx_inheriting_constructors
    Feature record: CXX_FEATURE:1cxx_inline_namespaces
    Feature record: CXX_FEATURE:1cxx_lambdas
    Feature record: CXX_FEATURE:1cxx_lambda_init_captures
    Feature record: CXX_FEATURE:1cxx_local_type_template_args
    Feature record: CXX_FEATURE:1cxx_long_long_type
    Feature record: CXX_FEATURE:1cxx_noexcept
    Feature record: CXX_FEATURE:1cxx_nonstatic_member_init
    Feature record: CXX_FEATURE:1cxx_nullptr
    Feature record: CXX_FEATURE:1cxx_override
    Feature record: CXX_FEATURE:1cxx_range_for
    Feature record: CXX_FEATURE:1cxx_raw_string_literals
    Feature record: CXX_FEATURE:1cxx_reference_qualified_functions
    Feature record: CXX_FEATURE:0cxx_relaxed_constexpr
    Feature record: CXX_FEATURE:1cxx_return_type_deduction
    Feature record: CXX_FEATURE:1cxx_right_angle_brackets
    Feature record: CXX_FEATURE:1cxx_rvalue_references
    Feature record: CXX_FEATURE:1cxx_sizeof_member
    Feature record: CXX_FEATURE:1cxx_static_assert
    Feature record: CXX_FEATURE:1cxx_strong_enums
    Feature record: CXX_FEATURE:1cxx_template_template_parameters
    Feature record: CXX_FEATURE:1cxx_thread_local
    Feature record: CXX_FEATURE:1cxx_trailing_return_types
    Feature record: CXX_FEATURE:1cxx_unicode_literals
    Feature record: CXX_FEATURE:1cxx_uniform_initialization
    Feature record: CXX_FEATURE:1cxx_unrestricted_unions
    Feature record: CXX_FEATURE:1cxx_user_literals
    Feature record: CXX_FEATURE:0cxx_variable_templates
    Feature record: CXX_FEATURE:1cxx_variadic_macros
    Feature record: CXX_FEATURE:1cxx_variadic_templates


Detecting CXX [-std=c++11] compiler features compiled with the following output:
Change Dir: /Users/chenfeifei/DeepLearning/algorithm/AgoraAI/build/android/arm64-v8a/CMakeFiles/CMakeTmp

Run Build Command:"/usr/bin/make" "cmTC_6325a/fast"
/Applications/Xcode.app/Contents/Developer/usr/bin/make -f CMakeFiles/cmTC_6325a.dir/build.make CMakeFiles/cmTC_6325a.dir/build
Building CXX object CMakeFiles/cmTC_6325a.dir/feature_tests.cxx.o
/Users/chenfeifei/Android/android-ndk-r16b/toolchains/aarch64-linux-android-4.9/prebuilt/darwin-x86_64/bin/aarch64-linux-android-g++ --sysroot=/Users/chenfeifei/Android/android-ndk-r16b/sysroot   -isystem /Users/chenfeifei/Android/android-ndk-r16b/sources/cxx-stl/llvm-libc++/include -isystem /Users/chenfeifei/Android/android-ndk-r16b/sources/android/support/include -isystem /Users/chenfeifei/Android/android-ndk-r16b/sources/cxx-stl/llvm-libc++abi/include  -isystem /Users/chenfeifei/Android/android-ndk-r16b/sysroot/usr/include/aarch64-linux-android -D__ANDROID_API__=21 -g -DANDROID -ffunction-sections -funwind-tables -fstack-protector-strong -no-canonical-prefixes -Wa,--noexecstack -Wformat -Werror=format-security -std=c++11 -fno-strict-aliasing -std=c++11 -O2 -fno-exceptions -fno-rtti -fPIE                   -fno-bounds-check -funroll-loops -funswitch-loops                   -fvisibility=hidden -finline-functions -funsafe-loop-optimizations  -fPIE   -std=c++11 -o CMakeFiles/cmTC_6325a.dir/feature_tests.cxx.o -c /Users/chenfeifei/DeepLearning/algorithm/AgoraAI/build/android/arm64-v8a/CMakeFiles/feature_tests.cxx
Linking CXX executable cmTC_6325a
/Applications/CMake.app/Contents/bin/cmake -E cmake_link_script CMakeFiles/cmTC_6325a.dir/link.txt --verbose=1
/Users/chenfeifei/Android/android-ndk-r16b/toolchains/aarch64-linux-android-4.9/prebuilt/darwin-x86_64/bin/aarch64-linux-android-g++ --sysroot=/Users/chenfeifei/Android/android-ndk-r16b/sysroot  -isystem /Users/chenfeifei/Android/android-ndk-r16b/sysroot/usr/include/aarch64-linux-android -D__ANDROID_API__=21 -g -DANDROID -ffunction-sections -funwind-tables -fstack-protector-strong -no-canonical-prefixes -Wa,--noexecstack -Wformat -Werror=format-security -std=c++11 -fno-strict-aliasing -std=c++11 -O2 -fno-exceptions -fno-rtti -fPIE                   -fno-bounds-check -funroll-loops -funswitch-loops                   -fvisibility=hidden -finline-functions -funsafe-loop-optimizations   -Wl,--exclude-libs,libgcc.a -Wl,--exclude-libs,libatomic.a --sysroot /Users/chenfeifei/Android/android-ndk-r16b/platforms/android-21/arch-arm64 -Wl,--build-id -Wl,--warn-shared-textrel -Wl,--fatal-warnings -L/Users/chenfeifei/Android/android-ndk-r16b/sources/cxx-stl/llvm-libc++/libs/arm64-v8a -Wl,--no-undefined -Wl,-z,noexecstack -Wl,-z,relro -Wl,-z,now -Wl,--gc-sections -Wl,-z,nocopyreloc -pie -fPIE   CMakeFiles/cmTC_6325a.dir/feature_tests.cxx.o  -o cmTC_6325a -latomic -lm "/Users/chenfeifei/Android/android-ndk-r16b/sources/cxx-stl/llvm-libc++/libs/arm64-v8a/libc++.a" 


    Feature record: CXX_FEATURE:0cxx_aggregate_default_initializers
    Feature record: CXX_FEATURE:1cxx_alias_templates
    Feature record: CXX_FEATURE:1cxx_alignas
    Feature record: CXX_FEATURE:1cxx_alignof
    Feature record: CXX_FEATURE:1cxx_attributes
    Feature record: CXX_FEATURE:0cxx_attribute_deprecated
    Feature record: CXX_FEATURE:1cxx_auto_type
    Feature record: CXX_FEATURE:0cxx_binary_literals
    Feature record: CXX_FEATURE:1cxx_constexpr
    Feature record: CXX_FEATURE:0cxx_contextual_conversions
    Feature record: CXX_FEATURE:1cxx_decltype
    Feature record: CXX_FEATURE:0cxx_decltype_auto
    Feature record: CXX_FEATURE:1cxx_decltype_incomplete_return_types
    Feature record: CXX_FEATURE:1cxx_default_function_template_args
    Feature record: CXX_FEATURE:1cxx_defaulted_functions
    Feature record: CXX_FEATURE:1cxx_defaulted_move_initializers
    Feature record: CXX_FEATURE:1cxx_delegating_constructors
    Feature record: CXX_FEATURE:1cxx_deleted_functions
    Feature record: CXX_FEATURE:0cxx_digit_separators
    Feature record: CXX_FEATURE:1cxx_enum_forward_declarations
    Feature record: CXX_FEATURE:1cxx_explicit_conversions
    Feature record: CXX_FEATURE:1cxx_extended_friend_declarations
    Feature record: CXX_FEATURE:1cxx_extern_templates
    Feature record: CXX_FEATURE:1cxx_final
    Feature record: CXX_FEATURE:1cxx_func_identifier
    Feature record: CXX_FEATURE:1cxx_generalized_initializers
    Feature record: CXX_FEATURE:0cxx_generic_lambdas
    Feature record: CXX_FEATURE:1cxx_inheriting_constructors
    Feature record: CXX_FEATURE:1cxx_inline_namespaces
    Feature record: CXX_FEATURE:1cxx_lambdas
    Feature record: CXX_FEATURE:0cxx_lambda_init_captures
    Feature record: CXX_FEATURE:1cxx_local_type_template_args
    Feature record: CXX_FEATURE:1cxx_long_long_type
    Feature record: CXX_FEATURE:1cxx_noexcept
    Feature record: CXX_FEATURE:1cxx_nonstatic_member_init
    Feature record: CXX_FEATURE:1cxx_nullptr
    Feature record: CXX_FEATURE:1cxx_override
    Feature record: CXX_FEATURE:1cxx_range_for
    Feature record: CXX_FEATURE:1cxx_raw_string_literals
    Feature record: CXX_FEATURE:1cxx_reference_qualified_functions
    Feature record: CXX_FEATURE:0cxx_relaxed_constexpr
    Feature record: CXX_FEATURE:0cxx_return_type_deduction
    Feature record: CXX_FEATURE:1cxx_right_angle_brackets
    Feature record: CXX_FEATURE:1cxx_rvalue_references
    Feature record: CXX_FEATURE:1cxx_sizeof_member
    Feature record: CXX_FEATURE:1cxx_static_assert
    Feature record: CXX_FEATURE:1cxx_strong_enums
    Feature record: CXX_FEATURE:1cxx_template_template_parameters
    Feature record: CXX_FEATURE:1cxx_thread_local
    Feature record: CXX_FEATURE:1cxx_trailing_return_types
    Feature record: CXX_FEATURE:1cxx_unicode_literals
    Feature record: CXX_FEATURE:1cxx_uniform_initialization
    Feature record: CXX_FEATURE:1cxx_unrestricted_unions
    Feature record: CXX_FEATURE:1cxx_user_literals
    Feature record: CXX_FEATURE:0cxx_variable_templates
    Feature record: CXX_FEATURE:1cxx_variadic_macros
    Feature record: CXX_FEATURE:1cxx_variadic_templates


Detecting CXX [-std=c++98] compiler features compiled with the following output:
Change Dir: /Users/chenfeifei/DeepLearning/algorithm/AgoraAI/build/android/arm64-v8a/CMakeFiles/CMakeTmp

Run Build Command:"/usr/bin/make" "cmTC_2cb28/fast"
/Applications/Xcode.app/Contents/Developer/usr/bin/make -f CMakeFiles/cmTC_2cb28.dir/build.make CMakeFiles/cmTC_2cb28.dir/build
Building CXX object CMakeFiles/cmTC_2cb28.dir/feature_tests.cxx.o
/Users/chenfeifei/Android/android-ndk-r16b/toolchains/aarch64-linux-android-4.9/prebuilt/darwin-x86_64/bin/aarch64-linux-android-g++ --sysroot=/Users/chenfeifei/Android/android-ndk-r16b/sysroot   -isystem /Users/chenfeifei/Android/android-ndk-r16b/sources/cxx-stl/llvm-libc++/include -isystem /Users/chenfeifei/Android/android-ndk-r16b/sources/android/support/include -isystem /Users/chenfeifei/Android/android-ndk-r16b/sources/cxx-stl/llvm-libc++abi/include  -isystem /Users/chenfeifei/Android/android-ndk-r16b/sysroot/usr/include/aarch64-linux-android -D__ANDROID_API__=21 -g -DANDROID -ffunction-sections -funwind-tables -fstack-protector-strong -no-canonical-prefixes -Wa,--noexecstack -Wformat -Werror=format-security -std=c++11 -fno-strict-aliasing -std=c++11 -O2 -fno-exceptions -fno-rtti -fPIE                   -fno-bounds-check -funroll-loops -funswitch-loops                   -fvisibility=hidden -finline-functions -funsafe-loop-optimizations  -fPIE   -std=c++98 -o CMakeFiles/cmTC_2cb28.dir/feature_tests.cxx.o -c /Users/chenfeifei/DeepLearning/algorithm/AgoraAI/build/android/arm64-v8a/CMakeFiles/feature_tests.cxx
Linking CXX executable cmTC_2cb28
/Applications/CMake.app/Contents/bin/cmake -E cmake_link_script CMakeFiles/cmTC_2cb28.dir/link.txt --verbose=1
/Users/chenfeifei/Android/android-ndk-r16b/toolchains/aarch64-linux-android-4.9/prebuilt/darwin-x86_64/bin/aarch64-linux-android-g++ --sysroot=/Users/chenfeifei/Android/android-ndk-r16b/sysroot  -isystem /Users/chenfeifei/Android/android-ndk-r16b/sysroot/usr/include/aarch64-linux-android -D__ANDROID_API__=21 -g -DANDROID -ffunction-sections -funwind-tables -fstack-protector-strong -no-canonical-prefixes -Wa,--noexecstack -Wformat -Werror=format-security -std=c++11 -fno-strict-aliasing -std=c++11 -O2 -fno-exceptions -fno-rtti -fPIE                   -fno-bounds-check -funroll-loops -funswitch-loops                   -fvisibility=hidden -finline-functions -funsafe-loop-optimizations   -Wl,--exclude-libs,libgcc.a -Wl,--exclude-libs,libatomic.a --sysroot /Users/chenfeifei/Android/android-ndk-r16b/platforms/android-21/arch-arm64 -Wl,--build-id -Wl,--warn-shared-textrel -Wl,--fatal-warnings -L/Users/chenfeifei/Android/android-ndk-r16b/sources/cxx-stl/llvm-libc++/libs/arm64-v8a -Wl,--no-undefined -Wl,-z,noexecstack -Wl,-z,relro -Wl,-z,now -Wl,--gc-sections -Wl,-z,nocopyreloc -pie -fPIE   CMakeFiles/cmTC_2cb28.dir/feature_tests.cxx.o  -o cmTC_2cb28 -latomic -lm "/Users/chenfeifei/Android/android-ndk-r16b/sources/cxx-stl/llvm-libc++/libs/arm64-v8a/libc++.a" 


    Feature record: CXX_FEATURE:0cxx_aggregate_default_initializers
    Feature record: CXX_FEATURE:0cxx_alias_templates
    Feature record: CXX_FEATURE:0cxx_alignas
    Feature record: CXX_FEATURE:0cxx_alignof
    Feature record: CXX_FEATURE:0cxx_attributes
    Feature record: CXX_FEATURE:0cxx_attribute_deprecated
    Feature record: CXX_FEATURE:0cxx_auto_type
    Feature record: CXX_FEATURE:0cxx_binary_literals
    Feature record: CXX_FEATURE:0cxx_constexpr
    Feature record: CXX_FEATURE:0cxx_contextual_conversions
    Feature record: CXX_FEATURE:0cxx_decltype
    Feature record: CXX_FEATURE:0cxx_decltype_auto
    Feature record: CXX_FEATURE:0cxx_decltype_incomplete_return_types
    Feature record: CXX_FEATURE:0cxx_default_function_template_args
    Feature record: CXX_FEATURE:0cxx_defaulted_functions
    Feature record: CXX_FEATURE:0cxx_defaulted_move_initializers
    Feature record: CXX_FEATURE:0cxx_delegating_constructors
    Feature record: CXX_FEATURE:0cxx_deleted_functions
    Feature record: CXX_FEATURE:0cxx_digit_separators
    Feature record: CXX_FEATURE:0cxx_enum_forward_declarations
    Feature record: CXX_FEATURE:0cxx_explicit_conversions
    Feature record: CXX_FEATURE:0cxx_extended_friend_declarations
    Feature record: CXX_FEATURE:0cxx_extern_templates
    Feature record: CXX_FEATURE:0cxx_final
    Feature record: CXX_FEATURE:0cxx_func_identifier
    Feature record: CXX_FEATURE:0cxx_generalized_initializers
    Feature record: CXX_FEATURE:0cxx_generic_lambdas
    Feature record: CXX_FEATURE:0cxx_inheriting_constructors
    Feature record: CXX_FEATURE:0cxx_inline_namespaces
    Feature record: CXX_FEATURE:0cxx_lambdas
    Feature record: CXX_FEATURE:0cxx_lambda_init_captures
    Feature record: CXX_FEATURE:0cxx_local_type_template_args
    Feature record: CXX_FEATURE:0cxx_long_long_type
    Feature record: CXX_FEATURE:0cxx_noexcept
    Feature record: CXX_FEATURE:0cxx_nonstatic_member_init
    Feature record: CXX_FEATURE:0cxx_nullptr
    Feature record: CXX_FEATURE:0cxx_override
    Feature record: CXX_FEATURE:0cxx_range_for
    Feature record: CXX_FEATURE:0cxx_raw_string_literals
    Feature record: CXX_FEATURE:0cxx_reference_qualified_functions
    Feature record: CXX_FEATURE:0cxx_relaxed_constexpr
    Feature record: CXX_FEATURE:0cxx_return_type_deduction
    Feature record: CXX_FEATURE:0cxx_right_angle_brackets
    Feature record: CXX_FEATURE:0cxx_rvalue_references
    Feature record: CXX_FEATURE:0cxx_sizeof_member
    Feature record: CXX_FEATURE:0cxx_static_assert
    Feature record: CXX_FEATURE:0cxx_strong_enums
    Feature record: CXX_FEATURE:1cxx_template_template_parameters
    Feature record: CXX_FEATURE:0cxx_thread_local
    Feature record: CXX_FEATURE:0cxx_trailing_return_types
    Feature record: CXX_FEATURE:0cxx_unicode_literals
    Feature record: CXX_FEATURE:0cxx_uniform_initialization
    Feature record: CXX_FEATURE:0cxx_unrestricted_unions
    Feature record: CXX_FEATURE:0cxx_user_literals
    Feature record: CXX_FEATURE:0cxx_variable_templates
    Feature record: CXX_FEATURE:0cxx_variadic_macros
    Feature record: CXX_FEATURE:0cxx_variadic_templates
